thread.o: thread.cpp /usr/include/stdc-predef.h \
 /usr/lib/gcc/x86_64-pc-linux-gnu/5.3.0/include/g++-v5/iostream \
 /usr/lib/gcc/x86_64-pc-linux-gnu/5.3.0/include/g++-v5/x86_64-pc-linux-gnu/bits/c++config.h \
 /usr/lib/gcc/x86_64-pc-linux-gnu/5.3.0/include/g++-v5/x86_64-pc-linux-gnu/bits/os_defines.h \
 /usr/include/features.h /usr/include/sys/cdefs.h \
 /usr/include/bits/wordsize.h /usr/include/gnu/stubs.h \
 /usr/include/gnu/stubs-64.h \
 /usr/lib/gcc/x86_64-pc-linux-gnu/5.3.0/include/g++-v5/x86_64-pc-linux-gnu/bits/cpu_defines.h \
 /usr/lib/gcc/x86_64-pc-linux-gnu/5.3.0/include/g++-v5/ostream \
 /usr/lib/gcc/x86_64-pc-linux-gnu/5.3.0/include/g++-v5/ios \
 /usr/lib/gcc/x86_64-pc-linux-gnu/5.3.0/include/g++-v5/iosfwd \
 /usr/lib/gcc/x86_64-pc-linux-gnu/5.3.0/include/g++-v5/bits/stringfwd.h \
 /usr/lib/gcc/x86_64-pc-linux-gnu/5.3.0/include/g++-v5/bits/memoryfwd.h \
 /usr/lib/gcc/x86_64-pc-linux-gnu/5.3.0/include/g++-v5/bits/postypes.h \
 /usr/lib/gcc/x86_64-pc-linux-gnu/5.3.0/include/g++-v5/cwchar \
 /usr/include/wchar.h /usr/include/stdio.h \
 /usr/lib/gcc/x86_64-pc-linux-gnu/5.3.0/include/stdarg.h \
 /usr/include/bits/wchar.h \
 /usr/lib/gcc/x86_64-pc-linux-gnu/5.3.0/include/stddef.h \
 /usr/include/xlocale.h \
 /usr/lib/gcc/x86_64-pc-linux-gnu/5.3.0/include/g++-v5/exception \
 /usr/lib/gcc/x86_64-pc-linux-gnu/5.3.0/include/g++-v5/bits/atomic_lockfree_defines.h \
 /usr/lib/gcc/x86_64-pc-linux-gnu/5.3.0/include/g++-v5/bits/char_traits.h \
 /usr/lib/gcc/x86_64-pc-linux-gnu/5.3.0/include/g++-v5/bits/stl_algobase.h \
 /usr/lib/gcc/x86_64-pc-linux-gnu/5.3.0/include/g++-v5/bits/functexcept.h \
 /usr/lib/gcc/x86_64-pc-linux-gnu/5.3.0/include/g++-v5/bits/exception_defines.h \
 /usr/lib/gcc/x86_64-pc-linux-gnu/5.3.0/include/g++-v5/bits/cpp_type_traits.h \
 /usr/lib/gcc/x86_64-pc-linux-gnu/5.3.0/include/g++-v5/ext/type_traits.h \
 /usr/lib/gcc/x86_64-pc-linux-gnu/5.3.0/include/g++-v5/ext/numeric_traits.h \
 /usr/lib/gcc/x86_64-pc-linux-gnu/5.3.0/include/g++-v5/bits/stl_pair.h \
 /usr/lib/gcc/x86_64-pc-linux-gnu/5.3.0/include/g++-v5/bits/move.h \
 /usr/lib/gcc/x86_64-pc-linux-gnu/5.3.0/include/g++-v5/bits/concept_check.h \
 /usr/lib/gcc/x86_64-pc-linux-gnu/5.3.0/include/g++-v5/bits/stl_iterator_base_types.h \
 /usr/lib/gcc/x86_64-pc-linux-gnu/5.3.0/include/g++-v5/bits/stl_iterator_base_funcs.h \
 /usr/lib/gcc/x86_64-pc-linux-gnu/5.3.0/include/g++-v5/debug/debug.h \
 /usr/lib/gcc/x86_64-pc-linux-gnu/5.3.0/include/g++-v5/bits/stl_iterator.h \
 /usr/lib/gcc/x86_64-pc-linux-gnu/5.3.0/include/g++-v5/bits/ptr_traits.h \
 /usr/lib/gcc/x86_64-pc-linux-gnu/5.3.0/include/g++-v5/bits/predefined_ops.h \
 /usr/lib/gcc/x86_64-pc-linux-gnu/5.3.0/include/g++-v5/bits/localefwd.h \
 /usr/lib/gcc/x86_64-pc-linux-gnu/5.3.0/include/g++-v5/x86_64-pc-linux-gnu/bits/c++locale.h \
 /usr/lib/gcc/x86_64-pc-linux-gnu/5.3.0/include/g++-v5/clocale \
 /usr/include/locale.h /usr/include/bits/locale.h \
 /usr/lib/gcc/x86_64-pc-linux-gnu/5.3.0/include/g++-v5/cctype \
 /usr/include/ctype.h /usr/include/bits/types.h \
 /usr/include/bits/typesizes.h /usr/include/endian.h \
 /usr/include/bits/endian.h /usr/include/bits/byteswap.h \
 /usr/include/bits/byteswap-16.h \
 /usr/lib/gcc/x86_64-pc-linux-gnu/5.3.0/include/g++-v5/bits/ios_base.h \
 /usr/lib/gcc/x86_64-pc-linux-gnu/5.3.0/include/g++-v5/ext/atomicity.h \
 /usr/lib/gcc/x86_64-pc-linux-gnu/5.3.0/include/g++-v5/x86_64-pc-linux-gnu/bits/gthr.h \
 /usr/lib/gcc/x86_64-pc-linux-gnu/5.3.0/include/g++-v5/x86_64-pc-linux-gnu/bits/gthr-default.h \
 /usr/include/pthread.h /usr/include/sched.h /usr/include/time.h \
 /usr/include/bits/sched.h /usr/include/bits/time.h \
 /usr/include/bits/timex.h /usr/include/bits/pthreadtypes.h \
 /usr/include/bits/setjmp.h \
 /usr/lib/gcc/x86_64-pc-linux-gnu/5.3.0/include/g++-v5/x86_64-pc-linux-gnu/bits/atomic_word.h \
 /usr/lib/gcc/x86_64-pc-linux-gnu/5.3.0/include/g++-v5/bits/locale_classes.h \
 /usr/lib/gcc/x86_64-pc-linux-gnu/5.3.0/include/g++-v5/string \
 /usr/lib/gcc/x86_64-pc-linux-gnu/5.3.0/include/g++-v5/bits/allocator.h \
 /usr/lib/gcc/x86_64-pc-linux-gnu/5.3.0/include/g++-v5/x86_64-pc-linux-gnu/bits/c++allocator.h \
 /usr/lib/gcc/x86_64-pc-linux-gnu/5.3.0/include/g++-v5/ext/new_allocator.h \
 /usr/lib/gcc/x86_64-pc-linux-gnu/5.3.0/include/g++-v5/new \
 /usr/lib/gcc/x86_64-pc-linux-gnu/5.3.0/include/g++-v5/bits/ostream_insert.h \
 /usr/lib/gcc/x86_64-pc-linux-gnu/5.3.0/include/g++-v5/bits/cxxabi_forced.h \
 /usr/lib/gcc/x86_64-pc-linux-gnu/5.3.0/include/g++-v5/bits/stl_function.h \
 /usr/lib/gcc/x86_64-pc-linux-gnu/5.3.0/include/g++-v5/backward/binders.h \
 /usr/lib/gcc/x86_64-pc-linux-gnu/5.3.0/include/g++-v5/bits/range_access.h \
 /usr/lib/gcc/x86_64-pc-linux-gnu/5.3.0/include/g++-v5/bits/basic_string.h \
 /usr/lib/gcc/x86_64-pc-linux-gnu/5.3.0/include/g++-v5/ext/alloc_traits.h \
 /usr/lib/gcc/x86_64-pc-linux-gnu/5.3.0/include/g++-v5/bits/basic_string.tcc \
 /usr/lib/gcc/x86_64-pc-linux-gnu/5.3.0/include/g++-v5/bits/locale_classes.tcc \
 /usr/lib/gcc/x86_64-pc-linux-gnu/5.3.0/include/g++-v5/stdexcept \
 /usr/lib/gcc/x86_64-pc-linux-gnu/5.3.0/include/g++-v5/streambuf \
 /usr/lib/gcc/x86_64-pc-linux-gnu/5.3.0/include/g++-v5/bits/streambuf.tcc \
 /usr/lib/gcc/x86_64-pc-linux-gnu/5.3.0/include/g++-v5/bits/basic_ios.h \
 /usr/lib/gcc/x86_64-pc-linux-gnu/5.3.0/include/g++-v5/bits/locale_facets.h \
 /usr/lib/gcc/x86_64-pc-linux-gnu/5.3.0/include/g++-v5/cwctype \
 /usr/include/wctype.h \
 /usr/lib/gcc/x86_64-pc-linux-gnu/5.3.0/include/g++-v5/x86_64-pc-linux-gnu/bits/ctype_base.h \
 /usr/lib/gcc/x86_64-pc-linux-gnu/5.3.0/include/g++-v5/bits/streambuf_iterator.h \
 /usr/lib/gcc/x86_64-pc-linux-gnu/5.3.0/include/g++-v5/x86_64-pc-linux-gnu/bits/ctype_inline.h \
 /usr/lib/gcc/x86_64-pc-linux-gnu/5.3.0/include/g++-v5/bits/locale_facets.tcc \
 /usr/lib/gcc/x86_64-pc-linux-gnu/5.3.0/include/g++-v5/bits/basic_ios.tcc \
 /usr/lib/gcc/x86_64-pc-linux-gnu/5.3.0/include/g++-v5/bits/ostream.tcc \
 /usr/lib/gcc/x86_64-pc-linux-gnu/5.3.0/include/g++-v5/istream \
 /usr/lib/gcc/x86_64-pc-linux-gnu/5.3.0/include/g++-v5/bits/istream.tcc \
 /usr/include/unistd.h /usr/include/bits/posix_opt.h \
 /usr/include/bits/environments.h /usr/include/bits/confname.h \
 /usr/include/getopt.h
