[local] 5 -7 76.8229 (best c=32.0, g=0.0078125, rate=76.8229)
[local] -1 -7 61.849 (best c=32.0, g=0.0078125, rate=76.8229)
[local] 5 -1 83.9844 (best c=32.0, g=0.5, rate=83.9844)
[local] -1 -1 72.7214 (best c=32.0, g=0.5, rate=83.9844)
[local] 11 -7 87.3047 (best c=2048.0, g=0.0078125, rate=87.3047)
[local] 11 -1 84.1797 (best c=2048.0, g=0.0078125, rate=87.3047)
[local] 5 -13 61.3281 (best c=2048.0, g=0.0078125, rate=87.3047)
[local] -1 -13 43.8151 (best c=2048.0, g=0.0078125, rate=87.3047)
[local] 11 -13 71.8099 (best c=2048.0, g=0.0078125, rate=87.3047)
[local] -3 -7 54.362 (best c=2048.0, g=0.0078125, rate=87.3047)
[local] -3 -1 53.3854 (best c=2048.0, g=0.0078125, rate=87.3047)
[local] -3 -13 43.3594 (best c=2048.0, g=0.0078125, rate=87.3047)
[local] 5 1 82.4219 (best c=2048.0, g=0.0078125, rate=87.3047)
[local] -1 1 75.0 (best c=2048.0, g=0.0078125, rate=87.3047)
[local] 11 1 82.4219 (best c=2048.0, g=0.0078125, rate=87.3047)
[local] -3 1 58.9844 (best c=2048.0, g=0.0078125, rate=87.3047)
[local] 9 -7 86.0026 (best c=2048.0, g=0.0078125, rate=87.3047)
[local] 9 -1 84.1797 (best c=2048.0, g=0.0078125, rate=87.3047)
[local] 9 -13 65.1693 (best c=2048.0, g=0.0078125, rate=87.3047)
[local] 9 1 82.4219 (best c=2048.0, g=0.0078125, rate=87.3047)
[local] 5 -11 64.3229 (best c=2048.0, g=0.0078125, rate=87.3047)
[local] -1 -11 55.8594 (best c=2048.0, g=0.0078125, rate=87.3047)
[local] 11 -11 76.7578 (best c=2048.0, g=0.0078125, rate=87.3047)
[local] -3 -11 45.3776 (best c=2048.0, g=0.0078125, rate=87.3047)
[local] 9 -11 73.1771 (best c=2048.0, g=0.0078125, rate=87.3047)
[local] 3 -7 72.4609 (best c=2048.0, g=0.0078125, rate=87.3047)
[local] 3 -1 82.6823 (best c=2048.0, g=0.0078125, rate=87.3047)
[local] 3 -13 58.7891 (best c=2048.0, g=0.0078125, rate=87.3047)
[local] 3 1 82.2917 (best c=2048.0, g=0.0078125, rate=87.3047)
[local] 3 -11 61.849 (best c=2048.0, g=0.0078125, rate=87.3047)
[local] 5 -5 80.4688 (best c=2048.0, g=0.0078125, rate=87.3047)
[local] -1 -5 67.1224 (best c=2048.0, g=0.0078125, rate=87.3047)
[local] 11 -5 88.2161 (best c=2048.0, g=0.03125, rate=88.2161)
[local] -3 -5 56.9661 (best c=2048.0, g=0.03125, rate=88.2161)
[local] 9 -5 87.6302 (best c=2048.0, g=0.03125, rate=88.2161)
[local] 3 -5 77.0182 (best c=2048.0, g=0.03125, rate=88.2161)
[local] 15 -7 87.6302 (best c=2048.0, g=0.03125, rate=88.2161)
[local] 15 -1 84.2448 (best c=2048.0, g=0.03125, rate=88.2161)
[local] 15 -13 80.6641 (best c=2048.0, g=0.03125, rate=88.2161)
[local] 15 1 82.4219 (best c=2048.0, g=0.03125, rate=88.2161)
[local] 15 -11 83.4635 (best c=2048.0, g=0.03125, rate=88.2161)
[local] 15 -5 88.2812 (best c=32768.0, g=0.03125, rate=88.2812)
[local] 5 -15 58.5938 (best c=32768.0, g=0.03125, rate=88.2812)
[local] -1 -15 42.9688 (best c=32768.0, g=0.03125, rate=88.2812)
[local] 11 -15 63.9323 (best c=32768.0, g=0.03125, rate=88.2812)
[local] -3 -15 42.9688 (best c=32768.0, g=0.03125, rate=88.2812)
[local] 9 -15 62.5651 (best c=32768.0, g=0.03125, rate=88.2812)
[local] 3 -15 56.5755 (best c=32768.0, g=0.03125, rate=88.2812)
[local] 15 -15 73.6328 (best c=32768.0, g=0.03125, rate=88.2812)
[local] -5 -7 51.7578 (best c=32768.0, g=0.03125, rate=88.2812)
[local] -5 -1 49.9349 (best c=32768.0, g=0.03125, rate=88.2812)
[local] -5 -13 43.3594 (best c=32768.0, g=0.03125, rate=88.2812)
[local] -5 1 56.6406 (best c=32768.0, g=0.03125, rate=88.2812)
[local] -5 -11 45.0521 (best c=32768.0, g=0.03125, rate=88.2812)
[local] -5 -5 52.8646 (best c=32768.0, g=0.03125, rate=88.2812)
[local] -5 -15 42.9688 (best c=32768.0, g=0.03125, rate=88.2812)
[local] 5 3 80.7943 (best c=32768.0, g=0.03125, rate=88.2812)
[local] -1 3 78.8411 (best c=32768.0, g=0.03125, rate=88.2812)
[local] 11 3 80.7943 (best c=32768.0, g=0.03125, rate=88.2812)
[local] -3 3 70.3125 (best c=32768.0, g=0.03125, rate=88.2812)
[local] 9 3 80.7943 (best c=32768.0, g=0.03125, rate=88.2812)
[local] 3 3 80.7943 (best c=32768.0, g=0.03125, rate=88.2812)
[local] 15 3 80.7943 (best c=32768.0, g=0.03125, rate=88.2812)
[local] -5 3 66.5365 (best c=32768.0, g=0.03125, rate=88.2812)
[local] 7 -7 80.3385 (best c=32768.0, g=0.03125, rate=88.2812)
[local] 7 -1 84.1797 (best c=32768.0, g=0.03125, rate=88.2812)
[local] 7 -13 63.3464 (best c=32768.0, g=0.03125, rate=88.2812)
[local] 7 1 82.4219 (best c=32768.0, g=0.03125, rate=88.2812)
[local] 7 -11 68.6849 (best c=32768.0, g=0.03125, rate=88.2812)
[local] 7 -5 86.3932 (best c=32768.0, g=0.03125, rate=88.2812)
[local] 7 -15 61.1979 (best c=32768.0, g=0.03125, rate=88.2812)
[local] 7 3 80.7943 (best c=32768.0, g=0.03125, rate=88.2812)
[local] 5 -9 71.2891 (best c=32768.0, g=0.03125, rate=88.2812)
[local] -1 -9 58.3984 (best c=32768.0, g=0.03125, rate=88.2812)
[local] 11 -9 83.5286 (best c=32768.0, g=0.03125, rate=88.2812)
[local] -3 -9 50.2604 (best c=32768.0, g=0.03125, rate=88.2812)
[local] 9 -9 79.0365 (best c=32768.0, g=0.03125, rate=88.2812)
[local] 3 -9 65.3646 (best c=32768.0, g=0.03125, rate=88.2812)
[local] 15 -9 84.6354 (best c=32768.0, g=0.03125, rate=88.2812)
[local] -5 -9 47.2005 (best c=32768.0, g=0.03125, rate=88.2812)
[local] 7 -9 75.0 (best c=32768.0, g=0.03125, rate=88.2812)
[local] 1 -7 65.4297 (best c=32768.0, g=0.03125, rate=88.2812)
[local] 1 -1 77.474 (best c=32768.0, g=0.03125, rate=88.2812)
[local] 1 -13 56.25 (best c=32768.0, g=0.03125, rate=88.2812)
[local] 1 1 81.25 (best c=32768.0, g=0.03125, rate=88.2812)
[local] 1 -11 58.9844 (best c=32768.0, g=0.03125, rate=88.2812)
[local] 1 -5 72.8516 (best c=32768.0, g=0.03125, rate=88.2812)
[local] 1 -15 43.4245 (best c=32768.0, g=0.03125, rate=88.2812)
[local] 1 3 80.6641 (best c=32768.0, g=0.03125, rate=88.2812)
[local] 1 -9 62.0443 (best c=32768.0, g=0.03125, rate=88.2812)
[local] 5 -3 86.263 (best c=32768.0, g=0.03125, rate=88.2812)
[local] -1 -3 72.4609 (best c=32768.0, g=0.03125, rate=88.2812)
[local] 11 -3 87.5 (best c=32768.0, g=0.03125, rate=88.2812)
[local] -3 -3 55.3385 (best c=32768.0, g=0.03125, rate=88.2812)
[local] 9 -3 87.6953 (best c=32768.0, g=0.03125, rate=88.2812)
[local] 3 -3 80.599 (best c=32768.0, g=0.03125, rate=88.2812)
[local] 15 -3 87.4349 (best c=32768.0, g=0.03125, rate=88.2812)
[local] -5 -3 50.0651 (best c=32768.0, g=0.03125, rate=88.2812)
[local] 7 -3 87.3047 (best c=32768.0, g=0.03125, rate=88.2812)
[local] 1 -3 77.0833 (best c=32768.0, g=0.03125, rate=88.2812)
[local] 13 -7 87.6953 (best c=32768.0, g=0.03125, rate=88.2812)
[local] 13 -1 84.1797 (best c=32768.0, g=0.03125, rate=88.2812)
[local] 13 -13 74.8047 (best c=32768.0, g=0.03125, rate=88.2812)
[local] 13 1 82.4219 (best c=32768.0, g=0.03125, rate=88.2812)
[local] 13 -11 82.2917 (best c=32768.0, g=0.03125, rate=88.2812)
[local] 13 -5 88.2812 (best c=8192.0, g=0.03125, rate=88.2812)
[local] 13 -15 68.75 (best c=8192.0, g=0.03125, rate=88.2812)
[local] 13 3 80.7943 (best c=8192.0, g=0.03125, rate=88.2812)
[local] 13 -9 84.5052 (best c=8192.0, g=0.03125, rate=88.2812)
[local] 13 -3 87.5 (best c=8192.0, g=0.03125, rate=88.2812)
8192.0 0.03125 88.2812
