[local] 5 -7 77.6042 (best c=32.0, g=0.0078125, rate=77.6042)
[local] -1 -7 65.1042 (best c=32.0, g=0.0078125, rate=77.6042)
[local] 5 -1 82.2917 (best c=32.0, g=0.5, rate=82.2917)
[local] -1 -1 73.4375 (best c=32.0, g=0.5, rate=82.2917)
[local] 11 -7 86.263 (best c=2048.0, g=0.0078125, rate=86.263)
[local] 11 -1 82.7474 (best c=2048.0, g=0.0078125, rate=86.263)
[local] 5 -13 64.3229 (best c=2048.0, g=0.0078125, rate=86.263)
[local] -1 -13 44.5964 (best c=2048.0, g=0.0078125, rate=86.263)
[local] 11 -13 70.5078 (best c=2048.0, g=0.0078125, rate=86.263)
[local] -3 -7 57.2266 (best c=2048.0, g=0.0078125, rate=86.263)
[local] -3 -1 60.1562 (best c=2048.0, g=0.0078125, rate=86.263)
[local] -3 -13 44.1406 (best c=2048.0, g=0.0078125, rate=86.263)
[local] 5 1 80.2734 (best c=2048.0, g=0.0078125, rate=86.263)
[local] -1 1 75.7812 (best c=2048.0, g=0.0078125, rate=86.263)
[local] 11 1 80.7292 (best c=2048.0, g=0.0078125, rate=86.263)
[local] -3 1 65.1693 (best c=2048.0, g=0.0078125, rate=86.263)
[local] 9 -7 85.2865 (best c=2048.0, g=0.0078125, rate=86.263)
[local] 9 -1 82.6823 (best c=2048.0, g=0.0078125, rate=86.263)
[local] 9 -13 68.1641 (best c=2048.0, g=0.0078125, rate=86.263)
[local] 9 1 80.7292 (best c=2048.0, g=0.0078125, rate=86.263)
[local] 5 -11 66.4714 (best c=2048.0, g=0.0078125, rate=86.263)
[local] -1 -11 55.599 (best c=2048.0, g=0.0078125, rate=86.263)
[local] 11 -11 75.5859 (best c=2048.0, g=0.0078125, rate=86.263)
[local] -3 -11 46.6797 (best c=2048.0, g=0.0078125, rate=86.263)
[local] 9 -11 72.8516 (best c=2048.0, g=0.0078125, rate=86.263)
[local] 3 -7 73.112 (best c=2048.0, g=0.0078125, rate=86.263)
[local] 3 -1 81.6406 (best c=2048.0, g=0.0078125, rate=86.263)
[local] 3 -13 62.1094 (best c=2048.0, g=0.0078125, rate=86.263)
[local] 3 1 80.2083 (best c=2048.0, g=0.0078125, rate=86.263)
[local] 3 -11 64.1927 (best c=2048.0, g=0.0078125, rate=86.263)
[local] 5 -5 82.6172 (best c=2048.0, g=0.0078125, rate=86.263)
[local] -1 -5 67.5781 (best c=2048.0, g=0.0078125, rate=86.263)
[local] 11 -5 86.5885 (best c=2048.0, g=0.03125, rate=86.5885)
[local] -3 -5 61.5885 (best c=2048.0, g=0.03125, rate=86.5885)
[local] 9 -5 86.3932 (best c=2048.0, g=0.03125, rate=86.5885)
[local] 3 -5 78.3854 (best c=2048.0, g=0.03125, rate=86.5885)
[local] 15 -7 86.5885 (best c=2048.0, g=0.03125, rate=86.5885)
[local] 15 -1 82.7474 (best c=2048.0, g=0.03125, rate=86.5885)
[local] 15 -13 80.1432 (best c=2048.0, g=0.03125, rate=86.5885)
[local] 15 1 80.7292 (best c=2048.0, g=0.03125, rate=86.5885)
[local] 15 -11 82.9427 (best c=2048.0, g=0.03125, rate=86.5885)
[local] 15 -5 86.7839 (best c=32768.0, g=0.03125, rate=86.7839)
[local] 5 -15 61.9792 (best c=32768.0, g=0.03125, rate=86.7839)
[local] -1 -15 43.75 (best c=32768.0, g=0.03125, rate=86.7839)
[local] 11 -15 67.4479 (best c=32768.0, g=0.03125, rate=86.7839)
[local] -3 -15 43.75 (best c=32768.0, g=0.03125, rate=86.7839)
[local] 9 -15 65.2995 (best c=32768.0, g=0.03125, rate=86.7839)
[local] 3 -15 55.9245 (best c=32768.0, g=0.03125, rate=86.7839)
[local] 15 -15 74.4141 (best c=32768.0, g=0.03125, rate=86.7839)
[local] -5 -7 50.9115 (best c=32768.0, g=0.03125, rate=86.7839)
[local] -5 -1 58.8542 (best c=32768.0, g=0.03125, rate=86.7839)
[local] -5 -13 44.1406 (best c=32768.0, g=0.03125, rate=86.7839)
[local] -5 1 62.4349 (best c=32768.0, g=0.03125, rate=86.7839)
[local] -5 -11 46.6797 (best c=32768.0, g=0.03125, rate=86.7839)
[local] -5 -5 59.1146 (best c=32768.0, g=0.03125, rate=86.7839)
[local] -5 -15 43.75 (best c=32768.0, g=0.03125, rate=86.7839)
[local] 5 3 79.4922 (best c=32768.0, g=0.03125, rate=86.7839)
[local] -1 3 77.4089 (best c=32768.0, g=0.03125, rate=86.7839)
[local] 11 3 79.4922 (best c=32768.0, g=0.03125, rate=86.7839)
[local] -3 3 71.7448 (best c=32768.0, g=0.03125, rate=86.7839)
[local] 9 3 79.4922 (best c=32768.0, g=0.03125, rate=86.7839)
[local] 3 3 79.2969 (best c=32768.0, g=0.03125, rate=86.7839)
[local] 15 3 79.4922 (best c=32768.0, g=0.03125, rate=86.7839)
[local] -5 3 67.7734 (best c=32768.0, g=0.03125, rate=86.7839)
[local] 7 -7 82.0964 (best c=32768.0, g=0.03125, rate=86.7839)
[local] 7 -1 82.3568 (best c=32768.0, g=0.03125, rate=86.7839)
[local] 7 -13 65.8854 (best c=32768.0, g=0.03125, rate=86.7839)
[local] 7 1 80.6641 (best c=32768.0, g=0.03125, rate=86.7839)
[local] 7 -11 69.987 (best c=32768.0, g=0.03125, rate=86.7839)
[local] 7 -5 85.8724 (best c=32768.0, g=0.03125, rate=86.7839)
[local] 7 -15 64.388 (best c=32768.0, g=0.03125, rate=86.7839)
[local] 7 3 79.4922 (best c=32768.0, g=0.03125, rate=86.7839)
[local] 5 -9 71.8099 (best c=32768.0, g=0.03125, rate=86.7839)
[local] -1 -9 61.263 (best c=32768.0, g=0.03125, rate=86.7839)
[local] 11 -9 83.0729 (best c=32768.0, g=0.03125, rate=86.7839)
[local] -3 -9 52.9948 (best c=32768.0, g=0.03125, rate=86.7839)
[local] 9 -9 79.6875 (best c=32768.0, g=0.03125, rate=86.7839)
[local] 3 -9 67.4479 (best c=32768.0, g=0.03125, rate=86.7839)
[local] 15 -9 83.7891 (best c=32768.0, g=0.03125, rate=86.7839)
[local] -5 -9 50.651 (best c=32768.0, g=0.03125, rate=86.7839)
[local] 7 -9 75.5208 (best c=32768.0, g=0.03125, rate=86.7839)
[local] 1 -7 68.099 (best c=32768.0, g=0.03125, rate=86.7839)
[local] 1 -1 78.3854 (best c=32768.0, g=0.03125, rate=86.7839)
[local] 1 -13 56.0547 (best c=32768.0, g=0.03125, rate=86.7839)
[local] 1 1 79.6875 (best c=32768.0, g=0.03125, rate=86.7839)
[local] 1 -11 61.7188 (best c=32768.0, g=0.03125, rate=86.7839)
[local] 1 -5 72.9818 (best c=32768.0, g=0.03125, rate=86.7839)
[local] 1 -15 44.3359 (best c=32768.0, g=0.03125, rate=86.7839)
[local] 1 3 79.4271 (best c=32768.0, g=0.03125, rate=86.7839)
[local] 1 -9 64.5182 (best c=32768.0, g=0.03125, rate=86.7839)
[local] 5 -3 85.2865 (best c=32768.0, g=0.03125, rate=86.7839)
[local] -1 -3 72.526 (best c=32768.0, g=0.03125, rate=86.7839)
[local] 11 -3 85.8073 (best c=32768.0, g=0.03125, rate=86.7839)
[local] -3 -3 62.5651 (best c=32768.0, g=0.03125, rate=86.7839)
[local] 9 -3 85.612 (best c=32768.0, g=0.03125, rate=86.7839)
[local] 3 -3 82.0312 (best c=32768.0, g=0.03125, rate=86.7839)
[local] 15 -3 85.8073 (best c=32768.0, g=0.03125, rate=86.7839)
[local] -5 -3 59.0495 (best c=32768.0, g=0.03125, rate=86.7839)
[local] 7 -3 85.4167 (best c=32768.0, g=0.03125, rate=86.7839)
[local] 1 -3 77.5391 (best c=32768.0, g=0.03125, rate=86.7839)
[local] 13 -7 86.4583 (best c=32768.0, g=0.03125, rate=86.7839)
[local] 13 -1 82.7474 (best c=32768.0, g=0.03125, rate=86.7839)
[local] 13 -13 74.5443 (best c=32768.0, g=0.03125, rate=86.7839)
[local] 13 1 80.7292 (best c=32768.0, g=0.03125, rate=86.7839)
[local] 13 -11 81.25 (best c=32768.0, g=0.03125, rate=86.7839)
[local] 13 -5 86.7839 (best c=8192.0, g=0.03125, rate=86.7839)
[local] 13 -15 69.7266 (best c=8192.0, g=0.03125, rate=86.7839)
[local] 13 3 79.4922 (best c=8192.0, g=0.03125, rate=86.7839)
[local] 13 -9 84.2448 (best c=8192.0, g=0.03125, rate=86.7839)
[local] 13 -3 85.8073 (best c=8192.0, g=0.03125, rate=86.7839)
8192.0 0.03125 86.7839
