[local] 5 -7 77.2786 (best c=32.0, g=0.0078125, rate=77.2786)
[local] -1 -7 63.0208 (best c=32.0, g=0.0078125, rate=77.2786)
[local] 5 -1 83.138 (best c=32.0, g=0.5, rate=83.138)
[local] -1 -1 72.1354 (best c=32.0, g=0.5, rate=83.138)
[local] 11 -7 86.0677 (best c=2048.0, g=0.0078125, rate=86.0677)
[local] 11 -1 83.138 (best c=2048.0, g=0.0078125, rate=86.0677)
[local] 5 -13 63.9974 (best c=2048.0, g=0.0078125, rate=86.0677)
[local] -1 -13 45.7031 (best c=2048.0, g=0.0078125, rate=86.0677)
[local] 11 -13 71.5495 (best c=2048.0, g=0.0078125, rate=86.0677)
[local] -3 -7 58.724 (best c=2048.0, g=0.0078125, rate=86.0677)
[local] -3 -1 58.138 (best c=2048.0, g=0.0078125, rate=86.0677)
[local] -3 -13 45.0521 (best c=2048.0, g=0.0078125, rate=86.0677)
[local] 5 1 81.25 (best c=2048.0, g=0.0078125, rate=86.0677)
[local] -1 1 75.1953 (best c=2048.0, g=0.0078125, rate=86.0677)
[local] 11 1 81.25 (best c=2048.0, g=0.0078125, rate=86.0677)
[local] -3 1 62.5 (best c=2048.0, g=0.0078125, rate=86.0677)
[local] 9 -7 85.026 (best c=2048.0, g=0.0078125, rate=86.0677)
[local] 9 -1 83.138 (best c=2048.0, g=0.0078125, rate=86.0677)
[local] 9 -13 67.9036 (best c=2048.0, g=0.0078125, rate=86.0677)
[local] 9 1 81.25 (best c=2048.0, g=0.0078125, rate=86.0677)
[local] 5 -11 66.0807 (best c=2048.0, g=0.0078125, rate=86.0677)
[local] -1 -11 56.1198 (best c=2048.0, g=0.0078125, rate=86.0677)
[local] 11 -11 76.0417 (best c=2048.0, g=0.0078125, rate=86.0677)
[local] -3 -11 46.6797 (best c=2048.0, g=0.0078125, rate=86.0677)
[local] 9 -11 73.3073 (best c=2048.0, g=0.0078125, rate=86.0677)
[local] 3 -7 73.6979 (best c=2048.0, g=0.0078125, rate=86.0677)
[local] 3 -1 82.487 (best c=2048.0, g=0.0078125, rate=86.0677)
[local] 3 -13 63.2161 (best c=2048.0, g=0.0078125, rate=86.0677)
[local] 3 1 81.0547 (best c=2048.0, g=0.0078125, rate=86.0677)
[local] 3 -11 64.1927 (best c=2048.0, g=0.0078125, rate=86.0677)
[local] 5 -5 81.0547 (best c=2048.0, g=0.0078125, rate=86.0677)
[local] -1 -5 67.0573 (best c=2048.0, g=0.0078125, rate=86.0677)
[local] 11 -5 86.9141 (best c=2048.0, g=0.03125, rate=86.9141)
[local] -3 -5 60.6771 (best c=2048.0, g=0.03125, rate=86.9141)
[local] 9 -5 86.5234 (best c=2048.0, g=0.03125, rate=86.9141)
[local] 3 -5 77.0833 (best c=2048.0, g=0.03125, rate=86.9141)
[local] 15 -7 86.6536 (best c=2048.0, g=0.03125, rate=86.9141)
[local] 15 -1 83.138 (best c=2048.0, g=0.03125, rate=86.9141)
[local] 15 -13 80.7292 (best c=2048.0, g=0.03125, rate=86.9141)
[local] 15 1 81.25 (best c=2048.0, g=0.03125, rate=86.9141)
[local] 15 -11 82.6823 (best c=2048.0, g=0.03125, rate=86.9141)
[local] 15 -5 86.7839 (best c=2048.0, g=0.03125, rate=86.9141)
[local] 5 -15 63.0859 (best c=2048.0, g=0.03125, rate=86.9141)
[local] -1 -15 44.5312 (best c=2048.0, g=0.03125, rate=86.9141)
[local] 11 -15 67.7734 (best c=2048.0, g=0.03125, rate=86.9141)
[local] -3 -15 44.5312 (best c=2048.0, g=0.03125, rate=86.9141)
[local] 9 -15 65.5599 (best c=2048.0, g=0.03125, rate=86.9141)
[local] 3 -15 57.2266 (best c=2048.0, g=0.03125, rate=86.9141)
[local] 15 -15 75.0651 (best c=2048.0, g=0.03125, rate=86.9141)
[local] -5 -7 50.651 (best c=2048.0, g=0.03125, rate=86.9141)
[local] -5 -1 55.8594 (best c=2048.0, g=0.03125, rate=86.9141)
[local] -5 -13 45.0521 (best c=2048.0, g=0.03125, rate=86.9141)
[local] -5 1 59.8958 (best c=2048.0, g=0.03125, rate=86.9141)
[local] -5 -11 46.6797 (best c=2048.0, g=0.03125, rate=86.9141)
[local] -5 -5 55.3385 (best c=2048.0, g=0.03125, rate=86.9141)
[local] -5 -15 44.5312 (best c=2048.0, g=0.03125, rate=86.9141)
[local] 5 3 79.6224 (best c=2048.0, g=0.03125, rate=86.9141)
[local] -1 3 77.4089 (best c=2048.0, g=0.03125, rate=86.9141)
[local] 11 3 79.6224 (best c=2048.0, g=0.03125, rate=86.9141)
[local] -3 3 64.4531 (best c=2048.0, g=0.03125, rate=86.9141)
[local] 9 3 79.6224 (best c=2048.0, g=0.03125, rate=86.9141)
[local] 3 3 79.1016 (best c=2048.0, g=0.03125, rate=86.9141)
[local] 15 3 79.6875 (best c=2048.0, g=0.03125, rate=86.9141)
[local] -5 3 60.026 (best c=2048.0, g=0.03125, rate=86.9141)
[local] 7 -7 80.9896 (best c=2048.0, g=0.03125, rate=86.9141)
[local] 7 -1 83.3333 (best c=2048.0, g=0.03125, rate=86.9141)
[local] 7 -13 65.7552 (best c=2048.0, g=0.03125, rate=86.9141)
[local] 7 1 81.25 (best c=2048.0, g=0.03125, rate=86.9141)
[local] 7 -11 70.1823 (best c=2048.0, g=0.03125, rate=86.9141)
[local] 7 -5 85.7422 (best c=2048.0, g=0.03125, rate=86.9141)
[local] 7 -15 63.6719 (best c=2048.0, g=0.03125, rate=86.9141)
[local] 7 3 79.6224 (best c=2048.0, g=0.03125, rate=86.9141)
[local] 5 -9 72.526 (best c=2048.0, g=0.03125, rate=86.9141)
[local] -1 -9 61.9141 (best c=2048.0, g=0.03125, rate=86.9141)
[local] 11 -9 83.4635 (best c=2048.0, g=0.03125, rate=86.9141)
[local] -3 -9 53.125 (best c=2048.0, g=0.03125, rate=86.9141)
[local] 9 -9 78.3203 (best c=2048.0, g=0.03125, rate=86.9141)
[local] 3 -9 67.3177 (best c=2048.0, g=0.03125, rate=86.9141)
[local] 15 -9 84.2448 (best c=2048.0, g=0.03125, rate=86.9141)
[local] -5 -9 51.5625 (best c=2048.0, g=0.03125, rate=86.9141)
[local] 7 -9 75.7812 (best c=2048.0, g=0.03125, rate=86.9141)
[local] 1 -7 67.9036 (best c=2048.0, g=0.03125, rate=86.9141)
[local] 1 -1 77.8646 (best c=2048.0, g=0.03125, rate=86.9141)
[local] 1 -13 56.901 (best c=2048.0, g=0.03125, rate=86.9141)
[local] 1 1 80.4036 (best c=2048.0, g=0.03125, rate=86.9141)
[local] 1 -11 63.151 (best c=2048.0, g=0.03125, rate=86.9141)
[local] 1 -5 73.6328 (best c=2048.0, g=0.03125, rate=86.9141)
[local] 1 -15 45.2474 (best c=2048.0, g=0.03125, rate=86.9141)
[local] 1 3 79.0365 (best c=2048.0, g=0.03125, rate=86.9141)
[local] 1 -9 64.1276 (best c=2048.0, g=0.03125, rate=86.9141)
[local] 5 -3 85.4167 (best c=2048.0, g=0.03125, rate=86.9141)
[local] -1 -3 72.9167 (best c=2048.0, g=0.03125, rate=86.9141)
[local] 11 -3 86.0026 (best c=2048.0, g=0.03125, rate=86.9141)
[local] -3 -3 59.2448 (best c=2048.0, g=0.03125, rate=86.9141)
[local] 9 -3 86.1328 (best c=2048.0, g=0.03125, rate=86.9141)
[local] 3 -3 80.7292 (best c=2048.0, g=0.03125, rate=86.9141)
[local] 15 -3 86.0026 (best c=2048.0, g=0.03125, rate=86.9141)
[local] -5 -3 55.0781 (best c=2048.0, g=0.03125, rate=86.9141)
[local] 7 -3 85.8724 (best c=2048.0, g=0.03125, rate=86.9141)
[local] 1 -3 76.4974 (best c=2048.0, g=0.03125, rate=86.9141)
[local] 13 -7 86.6536 (best c=2048.0, g=0.03125, rate=86.9141)
[local] 13 -1 83.138 (best c=2048.0, g=0.03125, rate=86.9141)
[local] 13 -13 75.9115 (best c=2048.0, g=0.03125, rate=86.9141)
[local] 13 1 81.25 (best c=2048.0, g=0.03125, rate=86.9141)
[local] 13 -11 82.1615 (best c=2048.0, g=0.03125, rate=86.9141)
[local] 13 -5 86.849 (best c=2048.0, g=0.03125, rate=86.9141)
[local] 13 -15 70.3125 (best c=2048.0, g=0.03125, rate=86.9141)
[local] 13 3 79.6224 (best c=2048.0, g=0.03125, rate=86.9141)
[local] 13 -9 84.2448 (best c=2048.0, g=0.03125, rate=86.9141)
[local] 13 -3 86.0026 (best c=2048.0, g=0.03125, rate=86.9141)
2048.0 0.03125 86.9141
