[local] 5 -7 77.2786 (best c=32.0, g=0.0078125, rate=77.2786)
[local] -1 -7 64.388 (best c=32.0, g=0.0078125, rate=77.2786)
[local] 5 -1 82.4219 (best c=32.0, g=0.5, rate=82.4219)
[local] -1 -1 73.2422 (best c=32.0, g=0.5, rate=82.4219)
[local] 11 -7 85.7422 (best c=2048.0, g=0.0078125, rate=85.7422)
[local] 11 -1 82.6823 (best c=2048.0, g=0.0078125, rate=85.7422)
[local] 5 -13 65.0391 (best c=2048.0, g=0.0078125, rate=85.7422)
[local] -1 -13 46.0938 (best c=2048.0, g=0.0078125, rate=85.7422)
[local] 11 -13 72.3307 (best c=2048.0, g=0.0078125, rate=85.7422)
[local] -3 -7 61.1328 (best c=2048.0, g=0.0078125, rate=85.7422)
[local] -3 -1 48.6328 (best c=2048.0, g=0.0078125, rate=85.7422)
[local] -3 -13 46.0286 (best c=2048.0, g=0.0078125, rate=85.7422)
[local] 5 1 81.0547 (best c=2048.0, g=0.0078125, rate=85.7422)
[local] -1 1 75.8464 (best c=2048.0, g=0.0078125, rate=85.7422)
[local] 11 1 81.1849 (best c=2048.0, g=0.0078125, rate=85.7422)
[local] -3 1 59.2448 (best c=2048.0, g=0.0078125, rate=85.7422)
[local] 9 -7 85.2865 (best c=2048.0, g=0.0078125, rate=85.7422)
[local] 9 -1 82.6823 (best c=2048.0, g=0.0078125, rate=85.7422)
[local] 9 -13 68.4245 (best c=2048.0, g=0.0078125, rate=85.7422)
[local] 9 1 81.1849 (best c=2048.0, g=0.0078125, rate=85.7422)
[local] 5 -11 66.6667 (best c=2048.0, g=0.0078125, rate=85.7422)
[local] -1 -11 57.0312 (best c=2048.0, g=0.0078125, rate=85.7422)
[local] 11 -11 77.5391 (best c=2048.0, g=0.0078125, rate=85.7422)
[local] -3 -11 46.4844 (best c=2048.0, g=0.0078125, rate=85.7422)
[local] 9 -11 74.0234 (best c=2048.0, g=0.0078125, rate=85.7422)
[local] 3 -7 72.7214 (best c=2048.0, g=0.0078125, rate=85.7422)
[local] 3 -1 81.5104 (best c=2048.0, g=0.0078125, rate=85.7422)
[local] 3 -13 64.8438 (best c=2048.0, g=0.0078125, rate=85.7422)
[local] 3 1 80.9896 (best c=2048.0, g=0.0078125, rate=85.7422)
[local] 3 -11 65.1042 (best c=2048.0, g=0.0078125, rate=85.7422)
[local] 5 -5 81.9661 (best c=2048.0, g=0.0078125, rate=85.7422)
[local] -1 -5 68.6849 (best c=2048.0, g=0.0078125, rate=85.7422)
[local] 11 -5 86.1328 (best c=2048.0, g=0.03125, rate=86.1328)
[local] -3 -5 54.7526 (best c=2048.0, g=0.03125, rate=86.1328)
[local] 9 -5 86.0677 (best c=2048.0, g=0.03125, rate=86.1328)
[local] 3 -5 77.2135 (best c=2048.0, g=0.03125, rate=86.1328)
[local] 15 -7 86.1328 (best c=2048.0, g=0.03125, rate=86.1328)
[local] 15 -1 82.6823 (best c=2048.0, g=0.03125, rate=86.1328)
[local] 15 -13 81.3151 (best c=2048.0, g=0.03125, rate=86.1328)
[local] 15 1 81.1849 (best c=2048.0, g=0.03125, rate=86.1328)
[local] 15 -11 81.8359 (best c=2048.0, g=0.03125, rate=86.1328)
[local] 15 -5 86.263 (best c=32768.0, g=0.03125, rate=86.263)
[local] 5 -15 64.7135 (best c=32768.0, g=0.03125, rate=86.263)
[local] -1 -15 46.2891 (best c=32768.0, g=0.03125, rate=86.263)
[local] 11 -15 67.8385 (best c=32768.0, g=0.03125, rate=86.263)
[local] -3 -15 46.2891 (best c=32768.0, g=0.03125, rate=86.263)
[local] 9 -15 65.9505 (best c=32768.0, g=0.03125, rate=86.263)
[local] 3 -15 59.1146 (best c=32768.0, g=0.03125, rate=86.263)
[local] 15 -15 76.3021 (best c=32768.0, g=0.03125, rate=86.263)
[local] -5 -7 57.0964 (best c=32768.0, g=0.03125, rate=86.263)
[local] -5 -1 44.0104 (best c=32768.0, g=0.03125, rate=86.263)
[local] -5 -13 46.0286 (best c=32768.0, g=0.03125, rate=86.263)
[local] -5 1 54.362 (best c=32768.0, g=0.03125, rate=86.263)
[local] -5 -11 46.6797 (best c=32768.0, g=0.03125, rate=86.263)
[local] -5 -5 48.5026 (best c=32768.0, g=0.03125, rate=86.263)
[local] -5 -15 46.2891 (best c=32768.0, g=0.03125, rate=86.263)
[local] 5 3 78.4505 (best c=32768.0, g=0.03125, rate=86.263)
[local] -1 3 76.3021 (best c=32768.0, g=0.03125, rate=86.263)
[local] 11 3 78.4505 (best c=32768.0, g=0.03125, rate=86.263)
[local] -3 3 66.7969 (best c=32768.0, g=0.03125, rate=86.263)
[local] 9 3 78.4505 (best c=32768.0, g=0.03125, rate=86.263)
[local] 3 3 78.3203 (best c=32768.0, g=0.03125, rate=86.263)
[local] 15 3 78.4505 (best c=32768.0, g=0.03125, rate=86.263)
[local] -5 3 61.6536 (best c=32768.0, g=0.03125, rate=86.263)
[local] 7 -7 82.1615 (best c=32768.0, g=0.03125, rate=86.263)
[local] 7 -1 82.5521 (best c=32768.0, g=0.03125, rate=86.263)
[local] 7 -13 65.8854 (best c=32768.0, g=0.03125, rate=86.263)
[local] 7 1 81.1849 (best c=32768.0, g=0.03125, rate=86.263)
[local] 7 -11 70.7682 (best c=32768.0, g=0.03125, rate=86.263)
[local] 7 -5 85.026 (best c=32768.0, g=0.03125, rate=86.263)
[local] 7 -15 64.7786 (best c=32768.0, g=0.03125, rate=86.263)
[local] 7 3 78.4505 (best c=32768.0, g=0.03125, rate=86.263)
[local] 5 -9 72.7865 (best c=32768.0, g=0.03125, rate=86.263)
[local] -1 -9 63.4766 (best c=32768.0, g=0.03125, rate=86.263)
[local] 11 -9 81.6406 (best c=32768.0, g=0.03125, rate=86.263)
[local] -3 -9 54.1016 (best c=32768.0, g=0.03125, rate=86.263)
[local] 9 -9 79.8177 (best c=32768.0, g=0.03125, rate=86.263)
[local] 3 -9 67.9036 (best c=32768.0, g=0.03125, rate=86.263)
[local] 15 -9 83.0729 (best c=32768.0, g=0.03125, rate=86.263)
[local] -5 -9 50.7812 (best c=32768.0, g=0.03125, rate=86.263)
[local] 7 -9 75.0651 (best c=32768.0, g=0.03125, rate=86.263)
[local] 1 -7 68.6198 (best c=32768.0, g=0.03125, rate=86.263)
[local] 1 -1 78.8411 (best c=32768.0, g=0.03125, rate=86.263)
[local] 1 -13 58.0729 (best c=32768.0, g=0.03125, rate=86.263)
[local] 1 1 79.9479 (best c=32768.0, g=0.03125, rate=86.263)
[local] 1 -11 64.974 (best c=32768.0, g=0.03125, rate=86.263)
[local] 1 -5 72.9818 (best c=32768.0, g=0.03125, rate=86.263)
[local] 1 -15 46.224 (best c=32768.0, g=0.03125, rate=86.263)
[local] 1 3 78.3203 (best c=32768.0, g=0.03125, rate=86.263)
[local] 1 -9 65.2995 (best c=32768.0, g=0.03125, rate=86.263)
[local] 5 -3 84.4401 (best c=32768.0, g=0.03125, rate=86.263)
[local] -1 -3 72.3958 (best c=32768.0, g=0.03125, rate=86.263)
[local] 11 -3 85.7422 (best c=32768.0, g=0.03125, rate=86.263)
[local] -3 -3 50.1302 (best c=32768.0, g=0.03125, rate=86.263)
[local] 9 -3 85.7422 (best c=32768.0, g=0.03125, rate=86.263)
[local] 3 -3 81.3802 (best c=32768.0, g=0.03125, rate=86.263)
[local] 15 -3 85.7422 (best c=32768.0, g=0.03125, rate=86.263)
[local] -5 -3 43.75 (best c=32768.0, g=0.03125, rate=86.263)
[local] 7 -3 85.6771 (best c=32768.0, g=0.03125, rate=86.263)
[local] 1 -3 76.5625 (best c=32768.0, g=0.03125, rate=86.263)
[local] 13 -7 85.9375 (best c=32768.0, g=0.03125, rate=86.263)
[local] 13 -1 82.6823 (best c=32768.0, g=0.03125, rate=86.263)
[local] 13 -13 76.3021 (best c=32768.0, g=0.03125, rate=86.263)
[local] 13 1 81.1849 (best c=32768.0, g=0.03125, rate=86.263)
[local] 13 -11 79.9479 (best c=32768.0, g=0.03125, rate=86.263)
[local] 13 -5 86.263 (best c=8192.0, g=0.03125, rate=86.263)
[local] 13 -15 71.6797 (best c=8192.0, g=0.03125, rate=86.263)
[local] 13 3 78.4505 (best c=8192.0, g=0.03125, rate=86.263)
[local] 13 -9 83.0078 (best c=8192.0, g=0.03125, rate=86.263)
[local] 13 -3 85.7422 (best c=8192.0, g=0.03125, rate=86.263)
8192.0 0.03125 86.263
