[local] 5 -7 77.474 (best c=32.0, g=0.0078125, rate=77.474)
[local] -1 -7 66.2109 (best c=32.0, g=0.0078125, rate=77.474)
[local] 5 -1 80.9896 (best c=32.0, g=0.5, rate=80.9896)
[local] -1 -1 71.9401 (best c=32.0, g=0.5, rate=80.9896)
[local] 11 -7 85.4818 (best c=2048.0, g=0.0078125, rate=85.4818)
[local] 11 -1 81.9661 (best c=2048.0, g=0.0078125, rate=85.4818)
[local] 5 -13 66.6667 (best c=2048.0, g=0.0078125, rate=85.4818)
[local] -1 -13 43.5547 (best c=2048.0, g=0.0078125, rate=85.4818)
[local] 11 -13 72.2656 (best c=2048.0, g=0.0078125, rate=85.4818)
[local] -3 -7 57.7474 (best c=2048.0, g=0.0078125, rate=85.4818)
[local] -3 -1 50.651 (best c=2048.0, g=0.0078125, rate=85.4818)
[local] -3 -13 42.8385 (best c=2048.0, g=0.0078125, rate=85.4818)
[local] 5 1 80.1432 (best c=2048.0, g=0.0078125, rate=85.4818)
[local] -1 1 74.349 (best c=2048.0, g=0.0078125, rate=85.4818)
[local] 11 1 80.1432 (best c=2048.0, g=0.0078125, rate=85.4818)
[local] -3 1 55.0781 (best c=2048.0, g=0.0078125, rate=85.4818)
[local] 9 -7 84.9609 (best c=2048.0, g=0.0078125, rate=85.4818)
[local] 9 -1 81.9661 (best c=2048.0, g=0.0078125, rate=85.4818)
[local] 9 -13 69.2057 (best c=2048.0, g=0.0078125, rate=85.4818)
[local] 9 1 80.1432 (best c=2048.0, g=0.0078125, rate=85.4818)
[local] 5 -11 67.9688 (best c=2048.0, g=0.0078125, rate=85.4818)
[local] -1 -11 57.9427 (best c=2048.0, g=0.0078125, rate=85.4818)
[local] 11 -11 77.474 (best c=2048.0, g=0.0078125, rate=85.4818)
[local] -3 -11 44.7917 (best c=2048.0, g=0.0078125, rate=85.4818)
[local] 9 -11 73.0469 (best c=2048.0, g=0.0078125, rate=85.4818)
[local] 3 -7 73.3073 (best c=2048.0, g=0.0078125, rate=85.4818)
[local] 3 -1 80.0781 (best c=2048.0, g=0.0078125, rate=85.4818)
[local] 3 -13 66.3411 (best c=2048.0, g=0.0078125, rate=85.4818)
[local] 3 1 79.6875 (best c=2048.0, g=0.0078125, rate=85.4818)
[local] 3 -11 66.4714 (best c=2048.0, g=0.0078125, rate=85.4818)
[local] 5 -5 82.6172 (best c=2048.0, g=0.0078125, rate=85.4818)
[local] -1 -5 69.0104 (best c=2048.0, g=0.0078125, rate=85.4818)
[local] 11 -5 86.5885 (best c=2048.0, g=0.03125, rate=86.5885)
[local] -3 -5 54.8177 (best c=2048.0, g=0.03125, rate=86.5885)
[local] 9 -5 85.9375 (best c=2048.0, g=0.03125, rate=86.5885)
[local] 3 -5 78.0599 (best c=2048.0, g=0.03125, rate=86.5885)
[local] 15 -7 85.6771 (best c=2048.0, g=0.03125, rate=86.5885)
[local] 15 -1 81.9661 (best c=2048.0, g=0.03125, rate=86.5885)
[local] 15 -13 80.3385 (best c=2048.0, g=0.03125, rate=86.5885)
[local] 15 1 80.1432 (best c=2048.0, g=0.03125, rate=86.5885)
[local] 15 -11 82.6172 (best c=2048.0, g=0.03125, rate=86.5885)
[local] 15 -5 86.3932 (best c=2048.0, g=0.03125, rate=86.5885)
[local] 5 -15 66.0156 (best c=2048.0, g=0.03125, rate=86.5885)
[local] -1 -15 42.3828 (best c=2048.0, g=0.03125, rate=86.5885)
[local] 11 -15 68.2943 (best c=2048.0, g=0.03125, rate=86.5885)
[local] -3 -15 42.3828 (best c=2048.0, g=0.03125, rate=86.5885)
[local] 9 -15 66.9271 (best c=2048.0, g=0.03125, rate=86.5885)
[local] 3 -15 59.7005 (best c=2048.0, g=0.03125, rate=86.5885)
[local] 15 -15 76.1719 (best c=2048.0, g=0.03125, rate=86.5885)
[local] -5 -7 50.0651 (best c=2048.0, g=0.03125, rate=86.5885)
[local] -5 -1 48.3073 (best c=2048.0, g=0.03125, rate=86.5885)
[local] -5 -13 42.8385 (best c=2048.0, g=0.03125, rate=86.5885)
[local] -5 1 51.237 (best c=2048.0, g=0.03125, rate=86.5885)
[local] -5 -11 44.3359 (best c=2048.0, g=0.03125, rate=86.5885)
[local] -5 -5 49.349 (best c=2048.0, g=0.03125, rate=86.5885)
[local] -5 -15 42.3828 (best c=2048.0, g=0.03125, rate=86.5885)
[local] 5 3 77.6693 (best c=2048.0, g=0.03125, rate=86.5885)
[local] -1 3 75.9115 (best c=2048.0, g=0.03125, rate=86.5885)
[local] 11 3 77.6693 (best c=2048.0, g=0.03125, rate=86.5885)
[local] -3 3 61.5885 (best c=2048.0, g=0.03125, rate=86.5885)
[local] 9 3 77.6693 (best c=2048.0, g=0.03125, rate=86.5885)
[local] 3 3 77.6693 (best c=2048.0, g=0.03125, rate=86.5885)
[local] 15 3 77.6693 (best c=2048.0, g=0.03125, rate=86.5885)
[local] -5 3 56.5104 (best c=2048.0, g=0.03125, rate=86.5885)
[local] 7 -7 82.3568 (best c=2048.0, g=0.03125, rate=86.5885)
[local] 7 -1 81.5104 (best c=2048.0, g=0.03125, rate=86.5885)
[local] 7 -13 67.1224 (best c=2048.0, g=0.03125, rate=86.5885)
[local] 7 1 80.1432 (best c=2048.0, g=0.03125, rate=86.5885)
[local] 7 -11 70.638 (best c=2048.0, g=0.03125, rate=86.5885)
[local] 7 -5 84.9609 (best c=2048.0, g=0.03125, rate=86.5885)
[local] 7 -15 66.6667 (best c=2048.0, g=0.03125, rate=86.5885)
[local] 7 3 77.6693 (best c=2048.0, g=0.03125, rate=86.5885)
[local] 5 -9 72.3958 (best c=2048.0, g=0.03125, rate=86.5885)
[local] -1 -9 66.0156 (best c=2048.0, g=0.03125, rate=86.5885)
[local] 11 -9 82.6823 (best c=2048.0, g=0.03125, rate=86.5885)
[local] -3 -9 51.6927 (best c=2048.0, g=0.03125, rate=86.5885)
[local] 9 -9 79.6224 (best c=2048.0, g=0.03125, rate=86.5885)
[local] 3 -9 68.099 (best c=2048.0, g=0.03125, rate=86.5885)
[local] 15 -9 83.9844 (best c=2048.0, g=0.03125, rate=86.5885)
[local] -5 -9 46.3542 (best c=2048.0, g=0.03125, rate=86.5885)
[local] 7 -9 75.5208 (best c=2048.0, g=0.03125, rate=86.5885)
[local] 1 -7 69.1406 (best c=2048.0, g=0.03125, rate=86.5885)
[local] 1 -1 77.6042 (best c=2048.0, g=0.03125, rate=86.5885)
[local] 1 -13 59.2448 (best c=2048.0, g=0.03125, rate=86.5885)
[local] 1 1 79.2318 (best c=2048.0, g=0.03125, rate=86.5885)
[local] 1 -11 66.4062 (best c=2048.0, g=0.03125, rate=86.5885)
[local] 1 -5 74.1536 (best c=2048.0, g=0.03125, rate=86.5885)
[local] 1 -15 43.3594 (best c=2048.0, g=0.03125, rate=86.5885)
[local] 1 3 77.2135 (best c=2048.0, g=0.03125, rate=86.5885)
[local] 1 -9 67.2526 (best c=2048.0, g=0.03125, rate=86.5885)
[local] 5 -3 84.0495 (best c=2048.0, g=0.03125, rate=86.5885)
[local] -1 -3 72.0703 (best c=2048.0, g=0.03125, rate=86.5885)
[local] 11 -3 85.2214 (best c=2048.0, g=0.03125, rate=86.5885)
[local] -3 -3 51.8229 (best c=2048.0, g=0.03125, rate=86.5885)
[local] 9 -3 85.2214 (best c=2048.0, g=0.03125, rate=86.5885)
[local] 3 -3 81.5755 (best c=2048.0, g=0.03125, rate=86.5885)
[local] 15 -3 85.2214 (best c=2048.0, g=0.03125, rate=86.5885)
[local] -5 -3 47.8516 (best c=2048.0, g=0.03125, rate=86.5885)
[local] 7 -3 84.5703 (best c=2048.0, g=0.03125, rate=86.5885)
[local] 1 -3 76.9531 (best c=2048.0, g=0.03125, rate=86.5885)
[local] 13 -7 85.8724 (best c=2048.0, g=0.03125, rate=86.5885)
[local] 13 -1 81.9661 (best c=2048.0, g=0.03125, rate=86.5885)
[local] 13 -13 77.0833 (best c=2048.0, g=0.03125, rate=86.5885)
[local] 13 1 80.1432 (best c=2048.0, g=0.03125, rate=86.5885)
[local] 13 -11 81.7708 (best c=2048.0, g=0.03125, rate=86.5885)
[local] 13 -5 86.3932 (best c=2048.0, g=0.03125, rate=86.5885)
[local] 13 -15 71.6797 (best c=2048.0, g=0.03125, rate=86.5885)
[local] 13 3 77.6693 (best c=2048.0, g=0.03125, rate=86.5885)
[local] 13 -9 83.6589 (best c=2048.0, g=0.03125, rate=86.5885)
[local] 13 -3 85.2214 (best c=2048.0, g=0.03125, rate=86.5885)
2048.0 0.03125 86.5885
