[local] 5 -7 67.0573 (best c=32.0, g=0.0078125, rate=67.0573)
[local] -1 -7 50.0651 (best c=32.0, g=0.0078125, rate=67.0573)
[local] 5 -1 82.8125 (best c=32.0, g=0.5, rate=82.8125)
[local] -1 -1 71.6797 (best c=32.0, g=0.5, rate=82.8125)
[local] 11 -7 77.6042 (best c=32.0, g=0.5, rate=82.8125)
[local] 11 -1 84.9609 (best c=2048.0, g=0.5, rate=84.9609)
[local] 5 -13 40.7552 (best c=2048.0, g=0.5, rate=84.9609)
[local] -1 -13 32.0964 (best c=2048.0, g=0.5, rate=84.9609)
[local] 11 -13 55.599 (best c=2048.0, g=0.5, rate=84.9609)
[local] -3 -7 40.3646 (best c=2048.0, g=0.5, rate=84.9609)
[local] -3 -1 58.3333 (best c=2048.0, g=0.5, rate=84.9609)
[local] -3 -13 31.9661 (best c=2048.0, g=0.5, rate=84.9609)
[local] 5 1 82.7474 (best c=2048.0, g=0.5, rate=84.9609)
[local] -1 1 72.9167 (best c=2048.0, g=0.5, rate=84.9609)
[local] 11 1 83.0729 (best c=2048.0, g=0.5, rate=84.9609)
[local] -3 1 50.5208 (best c=2048.0, g=0.5, rate=84.9609)
[local] 9 -7 74.8698 (best c=2048.0, g=0.5, rate=84.9609)
[local] 9 -1 84.7005 (best c=2048.0, g=0.5, rate=84.9609)
[local] 9 -13 52.2135 (best c=2048.0, g=0.5, rate=84.9609)
[local] 9 1 82.9427 (best c=2048.0, g=0.5, rate=84.9609)
[local] 5 -11 49.4141 (best c=2048.0, g=0.5, rate=84.9609)
[local] -1 -11 34.1146 (best c=2048.0, g=0.5, rate=84.9609)
[local] 11 -11 63.737 (best c=2048.0, g=0.5, rate=84.9609)
[local] -3 -11 34.3099 (best c=2048.0, g=0.5, rate=84.9609)
[local] 9 -11 58.9844 (best c=2048.0, g=0.5, rate=84.9609)
[local] 3 -7 61.9141 (best c=2048.0, g=0.5, rate=84.9609)
[local] 3 -1 79.2318 (best c=2048.0, g=0.5, rate=84.9609)
[local] 3 -13 37.0443 (best c=2048.0, g=0.5, rate=84.9609)
[local] 3 1 80.7292 (best c=2048.0, g=0.5, rate=84.9609)
[local] 3 -11 43.8151 (best c=2048.0, g=0.5, rate=84.9609)
[local] 5 -5 74.0885 (best c=2048.0, g=0.5, rate=84.9609)
[local] -1 -5 55.599 (best c=2048.0, g=0.5, rate=84.9609)
[local] 11 -5 83.2031 (best c=2048.0, g=0.5, rate=84.9609)
[local] -3 -5 46.4193 (best c=2048.0, g=0.5, rate=84.9609)
[local] 9 -5 79.4922 (best c=2048.0, g=0.5, rate=84.9609)
[local] 3 -5 70.3125 (best c=2048.0, g=0.5, rate=84.9609)
[local] 15 -7 82.2266 (best c=2048.0, g=0.5, rate=84.9609)
[local] 15 -1 84.8958 (best c=2048.0, g=0.5, rate=84.9609)
[local] 15 -13 64.974 (best c=2048.0, g=0.5, rate=84.9609)
[local] 15 1 83.0729 (best c=2048.0, g=0.5, rate=84.9609)
[local] 15 -11 71.0286 (best c=2048.0, g=0.5, rate=84.9609)
[local] 15 -5 83.5286 (best c=2048.0, g=0.5, rate=84.9609)
[local] 5 -15 36.263 (best c=2048.0, g=0.5, rate=84.9609)
[local] -1 -15 31.7057 (best c=2048.0, g=0.5, rate=84.9609)
[local] 11 -15 46.9401 (best c=2048.0, g=0.5, rate=84.9609)
[local] -3 -15 31.7057 (best c=2048.0, g=0.5, rate=84.9609)
[local] 9 -15 44.4661 (best c=2048.0, g=0.5, rate=84.9609)
[local] 3 -15 33.3333 (best c=2048.0, g=0.5, rate=84.9609)
[local] 15 -15 55.8594 (best c=2048.0, g=0.5, rate=84.9609)
[local] -5 -7 37.4349 (best c=2048.0, g=0.5, rate=84.9609)
[local] -5 -1 51.237 (best c=2048.0, g=0.5, rate=84.9609)
[local] -5 -13 31.9661 (best c=2048.0, g=0.5, rate=84.9609)
[local] -5 1 47.5911 (best c=2048.0, g=0.5, rate=84.9609)
[local] -5 -11 34.3099 (best c=2048.0, g=0.5, rate=84.9609)
[local] -5 -5 37.6302 (best c=2048.0, g=0.5, rate=84.9609)
[local] -5 -15 31.7057 (best c=2048.0, g=0.5, rate=84.9609)
[local] 5 3 81.25 (best c=2048.0, g=0.5, rate=84.9609)
[local] -1 3 73.8281 (best c=2048.0, g=0.5, rate=84.9609)
[local] 11 3 81.7057 (best c=2048.0, g=0.5, rate=84.9609)
[local] -3 3 54.1667 (best c=2048.0, g=0.5, rate=84.9609)
[local] 9 3 81.7057 (best c=2048.0, g=0.5, rate=84.9609)
[local] 3 3 80.9896 (best c=2048.0, g=0.5, rate=84.9609)
[local] 15 3 81.7057 (best c=2048.0, g=0.5, rate=84.9609)
[local] -5 3 52.474 (best c=2048.0, g=0.5, rate=84.9609)
[local] 7 -7 72.526 (best c=2048.0, g=0.5, rate=84.9609)
[local] 7 -1 84.6354 (best c=2048.0, g=0.5, rate=84.9609)
[local] 7 -13 46.8099 (best c=2048.0, g=0.5, rate=84.9609)
[local] 7 1 82.8125 (best c=2048.0, g=0.5, rate=84.9609)
[local] 7 -11 55.4036 (best c=2048.0, g=0.5, rate=84.9609)
[local] 7 -5 76.3672 (best c=2048.0, g=0.5, rate=84.9609)
[local] 7 -15 40.4948 (best c=2048.0, g=0.5, rate=84.9609)
[local] 7 3 81.5104 (best c=2048.0, g=0.5, rate=84.9609)
[local] 5 -9 58.9844 (best c=2048.0, g=0.5, rate=84.9609)
[local] -1 -9 39.5833 (best c=2048.0, g=0.5, rate=84.9609)
[local] 11 -9 71.6797 (best c=2048.0, g=0.5, rate=84.9609)
[local] -3 -9 36.0677 (best c=2048.0, g=0.5, rate=84.9609)
[local] 9 -9 68.1641 (best c=2048.0, g=0.5, rate=84.9609)
[local] 3 -9 53.9062 (best c=2048.0, g=0.5, rate=84.9609)
[local] 15 -9 76.888 (best c=2048.0, g=0.5, rate=84.9609)
[local] -5 -9 34.7005 (best c=2048.0, g=0.5, rate=84.9609)
[local] 7 -9 63.8021 (best c=2048.0, g=0.5, rate=84.9609)
[local] 1 -7 56.3802 (best c=2048.0, g=0.5, rate=84.9609)
[local] 1 -1 74.8047 (best c=2048.0, g=0.5, rate=84.9609)
[local] 1 -13 34.375 (best c=2048.0, g=0.5, rate=84.9609)
[local] 1 1 77.9297 (best c=2048.0, g=0.5, rate=84.9609)
[local] 1 -11 37.8255 (best c=2048.0, g=0.5, rate=84.9609)
[local] 1 -5 63.5417 (best c=2048.0, g=0.5, rate=84.9609)
[local] 1 -15 31.7708 (best c=2048.0, g=0.5, rate=84.9609)
[local] 1 3 78.9062 (best c=2048.0, g=0.5, rate=84.9609)
[local] 1 -9 46.0938 (best c=2048.0, g=0.5, rate=84.9609)
[local] 5 -3 78.9062 (best c=2048.0, g=0.5, rate=84.9609)
[local] -1 -3 65.4297 (best c=2048.0, g=0.5, rate=84.9609)
[local] 11 -3 85.4167 (best c=2048.0, g=0.125, rate=85.4167)
[local] -3 -3 50.5208 (best c=2048.0, g=0.125, rate=85.4167)
[local] 9 -3 84.8958 (best c=2048.0, g=0.125, rate=85.4167)
[local] 3 -3 76.3672 (best c=2048.0, g=0.125, rate=85.4167)
[local] 15 -3 85.612 (best c=32768.0, g=0.125, rate=85.612)
[local] -5 -3 43.0339 (best c=32768.0, g=0.125, rate=85.612)
[local] 7 -3 83.138 (best c=32768.0, g=0.125, rate=85.612)
[local] 1 -3 73.4375 (best c=32768.0, g=0.125, rate=85.612)
[local] 13 -7 79.6875 (best c=32768.0, g=0.125, rate=85.612)
[local] 13 -1 85.026 (best c=32768.0, g=0.125, rate=85.612)
[local] 13 -13 58.5938 (best c=32768.0, g=0.125, rate=85.612)
[local] 13 1 83.138 (best c=32768.0, g=0.125, rate=85.612)
[local] 13 -11 68.2292 (best c=32768.0, g=0.125, rate=85.612)
[local] 13 -5 83.3984 (best c=32768.0, g=0.125, rate=85.612)
[local] 13 -15 52.8646 (best c=32768.0, g=0.125, rate=85.612)
[local] 13 3 81.7057 (best c=32768.0, g=0.125, rate=85.612)
[local] 13 -9 73.9583 (best c=32768.0, g=0.125, rate=85.612)
[local] 13 -3 85.5469 (best c=32768.0, g=0.125, rate=85.612)
32768.0 0.125 85.612
