[local] 5 -7 72.0052 (best c=32.0, g=0.0078125, rate=72.0052)
[local] -1 -7 51.8229 (best c=32.0, g=0.0078125, rate=72.0052)
[local] 5 -1 84.1146 (best c=32.0, g=0.5, rate=84.1146)
[local] -1 -1 71.9401 (best c=32.0, g=0.5, rate=84.1146)
[local] 11 -7 83.0729 (best c=32.0, g=0.5, rate=84.1146)
[local] 11 -1 84.8958 (best c=2048.0, g=0.5, rate=84.8958)
[local] 5 -13 46.875 (best c=2048.0, g=0.5, rate=84.8958)
[local] -1 -13 36.3281 (best c=2048.0, g=0.5, rate=84.8958)
[local] 11 -13 60.4818 (best c=2048.0, g=0.5, rate=84.8958)
[local] -3 -7 44.5964 (best c=2048.0, g=0.5, rate=84.8958)
[local] -3 -1 54.6875 (best c=2048.0, g=0.5, rate=84.8958)
[local] -3 -13 36.1328 (best c=2048.0, g=0.5, rate=84.8958)
[local] 5 1 82.487 (best c=2048.0, g=0.5, rate=84.8958)
[local] -1 1 73.5677 (best c=2048.0, g=0.5, rate=84.8958)
[local] 11 1 82.487 (best c=2048.0, g=0.5, rate=84.8958)
[local] -3 1 53.9062 (best c=2048.0, g=0.5, rate=84.8958)
[local] 9 -7 80.6641 (best c=2048.0, g=0.5, rate=84.8958)
[local] 9 -1 84.9609 (best c=512.0, g=0.5, rate=84.9609)
[local] 9 -13 56.8359 (best c=512.0, g=0.5, rate=84.9609)
[local] 9 1 82.487 (best c=512.0, g=0.5, rate=84.9609)
[local] 5 -11 54.9479 (best c=512.0, g=0.5, rate=84.9609)
[local] -1 -11 39.8438 (best c=512.0, g=0.5, rate=84.9609)
[local] 11 -11 69.7917 (best c=512.0, g=0.5, rate=84.9609)
[local] -3 -11 37.8906 (best c=512.0, g=0.5, rate=84.9609)
[local] 9 -11 65.2344 (best c=512.0, g=0.5, rate=84.9609)
[local] 3 -7 66.862 (best c=512.0, g=0.5, rate=84.9609)
[local] 3 -1 82.0964 (best c=512.0, g=0.5, rate=84.9609)
[local] 3 -13 43.2292 (best c=512.0, g=0.5, rate=84.9609)
[local] 3 1 81.4453 (best c=512.0, g=0.5, rate=84.9609)
[local] 3 -11 49.6094 (best c=512.0, g=0.5, rate=84.9609)
[local] 5 -5 76.9531 (best c=512.0, g=0.5, rate=84.9609)
[local] -1 -5 59.7005 (best c=512.0, g=0.5, rate=84.9609)
[local] 11 -5 86.3281 (best c=2048.0, g=0.03125, rate=86.3281)
[local] -3 -5 48.0469 (best c=2048.0, g=0.03125, rate=86.3281)
[local] 9 -5 84.375 (best c=2048.0, g=0.03125, rate=86.3281)
[local] 3 -5 73.5026 (best c=2048.0, g=0.03125, rate=86.3281)
[local] 15 -7 84.4401 (best c=2048.0, g=0.03125, rate=86.3281)
[local] 15 -1 84.7656 (best c=2048.0, g=0.03125, rate=86.3281)
[local] 15 -13 69.9219 (best c=2048.0, g=0.03125, rate=86.3281)
[local] 15 1 82.487 (best c=2048.0, g=0.03125, rate=86.3281)
[local] 15 -11 77.474 (best c=2048.0, g=0.03125, rate=86.3281)
[local] 15 -5 86.1979 (best c=2048.0, g=0.03125, rate=86.3281)
[local] 5 -15 41.862 (best c=2048.0, g=0.03125, rate=86.3281)
[local] -1 -15 33.7891 (best c=2048.0, g=0.03125, rate=86.3281)
[local] 11 -15 54.2318 (best c=2048.0, g=0.03125, rate=86.3281)
[local] -3 -15 33.7891 (best c=2048.0, g=0.03125, rate=86.3281)
[local] 9 -15 51.3672 (best c=2048.0, g=0.03125, rate=86.3281)
[local] 3 -15 38.9323 (best c=2048.0, g=0.03125, rate=86.3281)
[local] 15 -15 60.6771 (best c=2048.0, g=0.03125, rate=86.3281)
[local] -5 -7 37.4349 (best c=2048.0, g=0.03125, rate=86.3281)
[local] -5 -1 50.1953 (best c=2048.0, g=0.03125, rate=86.3281)
[local] -5 -13 36.1328 (best c=2048.0, g=0.03125, rate=86.3281)
[local] -5 1 51.0417 (best c=2048.0, g=0.03125, rate=86.3281)
[local] -5 -11 37.8906 (best c=2048.0, g=0.03125, rate=86.3281)
[local] -5 -5 44.401 (best c=2048.0, g=0.03125, rate=86.3281)
[local] -5 -15 33.7891 (best c=2048.0, g=0.03125, rate=86.3281)
[local] 5 3 81.1849 (best c=2048.0, g=0.03125, rate=86.3281)
[local] -1 3 76.888 (best c=2048.0, g=0.03125, rate=86.3281)
[local] 11 3 81.901 (best c=2048.0, g=0.03125, rate=86.3281)
[local] -3 3 62.9557 (best c=2048.0, g=0.03125, rate=86.3281)
[local] 9 3 81.901 (best c=2048.0, g=0.03125, rate=86.3281)
[local] 3 3 81.0547 (best c=2048.0, g=0.03125, rate=86.3281)
[local] 15 3 81.901 (best c=2048.0, g=0.03125, rate=86.3281)
[local] -5 3 60.8073 (best c=2048.0, g=0.03125, rate=86.3281)
[local] 7 -7 75.3255 (best c=2048.0, g=0.03125, rate=86.3281)
[local] 7 -1 84.6354 (best c=2048.0, g=0.03125, rate=86.3281)
[local] 7 -13 52.7344 (best c=2048.0, g=0.03125, rate=86.3281)
[local] 7 1 82.487 (best c=2048.0, g=0.03125, rate=86.3281)
[local] 7 -11 59.9609 (best c=2048.0, g=0.03125, rate=86.3281)
[local] 7 -5 82.2266 (best c=2048.0, g=0.03125, rate=86.3281)
[local] 7 -15 45.3776 (best c=2048.0, g=0.03125, rate=86.3281)
[local] 7 3 81.901 (best c=2048.0, g=0.03125, rate=86.3281)
[local] 5 -9 63.9974 (best c=2048.0, g=0.03125, rate=86.3281)
[local] -1 -9 44.3359 (best c=2048.0, g=0.03125, rate=86.3281)
[local] 11 -9 76.6276 (best c=2048.0, g=0.03125, rate=86.3281)
[local] -3 -9 39.974 (best c=2048.0, g=0.03125, rate=86.3281)
[local] 9 -9 73.3724 (best c=2048.0, g=0.03125, rate=86.3281)
[local] 3 -9 56.5104 (best c=2048.0, g=0.03125, rate=86.3281)
[local] 15 -9 82.1615 (best c=2048.0, g=0.03125, rate=86.3281)
[local] -5 -9 39.388 (best c=2048.0, g=0.03125, rate=86.3281)
[local] 7 -9 69.5312 (best c=2048.0, g=0.03125, rate=86.3281)
[local] 1 -7 57.8125 (best c=2048.0, g=0.03125, rate=86.3281)
[local] 1 -1 76.888 (best c=2048.0, g=0.03125, rate=86.3281)
[local] 1 -13 39.0625 (best c=2048.0, g=0.03125, rate=86.3281)
[local] 1 1 79.1016 (best c=2048.0, g=0.03125, rate=86.3281)
[local] 1 -11 44.401 (best c=2048.0, g=0.03125, rate=86.3281)
[local] 1 -5 68.6849 (best c=2048.0, g=0.03125, rate=86.3281)
[local] 1 -15 33.8542 (best c=2048.0, g=0.03125, rate=86.3281)
[local] 1 3 80.5339 (best c=2048.0, g=0.03125, rate=86.3281)
[local] 1 -9 51.8229 (best c=2048.0, g=0.03125, rate=86.3281)
[local] 5 -3 83.0078 (best c=2048.0, g=0.03125, rate=86.3281)
[local] -1 -3 68.9453 (best c=2048.0, g=0.03125, rate=86.3281)
[local] 11 -3 86.7839 (best c=2048.0, g=0.125, rate=86.7839)
[local] -3 -3 55.7943 (best c=2048.0, g=0.125, rate=86.7839)
[local] 9 -3 86.6536 (best c=2048.0, g=0.125, rate=86.7839)
[local] 3 -3 78.0599 (best c=2048.0, g=0.125, rate=86.7839)
[local] 15 -3 86.5885 (best c=2048.0, g=0.125, rate=86.7839)
[local] -5 -3 48.5026 (best c=2048.0, g=0.125, rate=86.7839)
[local] 7 -3 85.9375 (best c=2048.0, g=0.125, rate=86.7839)
[local] 1 -3 74.7396 (best c=2048.0, g=0.125, rate=86.7839)
[local] 13 -7 83.8542 (best c=2048.0, g=0.125, rate=86.7839)
[local] 13 -1 84.7656 (best c=2048.0, g=0.125, rate=86.7839)
[local] 13 -13 66.3411 (best c=2048.0, g=0.125, rate=86.7839)
[local] 13 1 82.487 (best c=2048.0, g=0.125, rate=86.7839)
[local] 13 -11 73.2422 (best c=2048.0, g=0.125, rate=86.7839)
[local] 13 -5 86.1328 (best c=2048.0, g=0.125, rate=86.7839)
[local] 13 -15 57.0964 (best c=2048.0, g=0.125, rate=86.7839)
[local] 13 3 81.901 (best c=2048.0, g=0.125, rate=86.7839)
[local] 13 -9 80.8594 (best c=2048.0, g=0.125, rate=86.7839)
[local] 13 -3 86.7188 (best c=2048.0, g=0.125, rate=86.7839)
2048.0 0.125 86.7839
