[local] 5 -7 72.6562 (best c=32.0, g=0.0078125, rate=72.6562)
[local] -1 -7 55.1432 (best c=32.0, g=0.0078125, rate=72.6562)
[local] 5 -1 83.4635 (best c=32.0, g=0.5, rate=83.4635)
[local] -1 -1 72.3307 (best c=32.0, g=0.5, rate=83.4635)
[local] 11 -7 82.8776 (best c=32.0, g=0.5, rate=83.4635)
[local] 11 -1 84.0495 (best c=2048.0, g=0.5, rate=84.0495)
[local] 5 -13 50.4557 (best c=2048.0, g=0.5, rate=84.0495)
[local] -1 -13 37.6953 (best c=2048.0, g=0.5, rate=84.0495)
[local] 11 -13 64.974 (best c=2048.0, g=0.5, rate=84.0495)
[local] -3 -7 46.4193 (best c=2048.0, g=0.5, rate=84.0495)
[local] -3 -1 49.2188 (best c=2048.0, g=0.5, rate=84.0495)
[local] -3 -13 37.5651 (best c=2048.0, g=0.5, rate=84.0495)
[local] 5 1 82.0964 (best c=2048.0, g=0.5, rate=84.0495)
[local] -1 1 73.6979 (best c=2048.0, g=0.5, rate=84.0495)
[local] 11 1 82.0312 (best c=2048.0, g=0.5, rate=84.0495)
[local] -3 1 52.9948 (best c=2048.0, g=0.5, rate=84.0495)
[local] 9 -7 80.0781 (best c=2048.0, g=0.5, rate=84.0495)
[local] 9 -1 84.375 (best c=512.0, g=0.5, rate=84.375)
[local] 9 -13 58.6589 (best c=512.0, g=0.5, rate=84.375)
[local] 9 1 82.0312 (best c=512.0, g=0.5, rate=84.375)
[local] 5 -11 56.8359 (best c=512.0, g=0.5, rate=84.375)
[local] -1 -11 42.9036 (best c=512.0, g=0.5, rate=84.375)
[local] 11 -11 71.7448 (best c=512.0, g=0.5, rate=84.375)
[local] -3 -11 39.4531 (best c=512.0, g=0.5, rate=84.375)
[local] 9 -11 67.5781 (best c=512.0, g=0.5, rate=84.375)
[local] 3 -7 69.0104 (best c=512.0, g=0.5, rate=84.375)
[local] 3 -1 81.3151 (best c=512.0, g=0.5, rate=84.375)
[local] 3 -13 45.9635 (best c=512.0, g=0.5, rate=84.375)
[local] 3 1 80.7292 (best c=512.0, g=0.5, rate=84.375)
[local] 3 -11 53.0599 (best c=512.0, g=0.5, rate=84.375)
[local] 5 -5 77.6042 (best c=512.0, g=0.5, rate=84.375)
[local] -1 -5 60.2865 (best c=512.0, g=0.5, rate=84.375)
[local] 11 -5 85.9375 (best c=2048.0, g=0.03125, rate=85.9375)
[local] -3 -5 52.9297 (best c=2048.0, g=0.03125, rate=85.9375)
[local] 9 -5 84.8958 (best c=2048.0, g=0.03125, rate=85.9375)
[local] 3 -5 73.8932 (best c=2048.0, g=0.03125, rate=85.9375)
[local] 15 -7 83.3333 (best c=2048.0, g=0.03125, rate=85.9375)
[local] 15 -1 84.0495 (best c=2048.0, g=0.03125, rate=85.9375)
[local] 15 -13 73.9583 (best c=2048.0, g=0.03125, rate=85.9375)
[local] 15 1 82.0312 (best c=2048.0, g=0.03125, rate=85.9375)
[local] 15 -11 78.8411 (best c=2048.0, g=0.03125, rate=85.9375)
[local] 15 -5 85.8724 (best c=2048.0, g=0.03125, rate=85.9375)
[local] 5 -15 44.987 (best c=2048.0, g=0.03125, rate=85.9375)
[local] -1 -15 37.1094 (best c=2048.0, g=0.03125, rate=85.9375)
[local] 11 -15 57.4219 (best c=2048.0, g=0.03125, rate=85.9375)
[local] -3 -15 37.1094 (best c=2048.0, g=0.03125, rate=85.9375)
[local] 9 -15 54.7526 (best c=2048.0, g=0.03125, rate=85.9375)
[local] 3 -15 42.5781 (best c=2048.0, g=0.03125, rate=85.9375)
[local] 15 -15 64.5833 (best c=2048.0, g=0.03125, rate=85.9375)
[local] -5 -7 41.3411 (best c=2048.0, g=0.03125, rate=85.9375)
[local] -5 -1 45.8333 (best c=2048.0, g=0.03125, rate=85.9375)
[local] -5 -13 37.5651 (best c=2048.0, g=0.03125, rate=85.9375)
[local] -5 1 50.9115 (best c=2048.0, g=0.03125, rate=85.9375)
[local] -5 -11 39.388 (best c=2048.0, g=0.03125, rate=85.9375)
[local] -5 -5 45.3125 (best c=2048.0, g=0.03125, rate=85.9375)
[local] -5 -15 37.1094 (best c=2048.0, g=0.03125, rate=85.9375)
[local] 5 3 80.7292 (best c=2048.0, g=0.03125, rate=85.9375)
[local] -1 3 75.5208 (best c=2048.0, g=0.03125, rate=85.9375)
[local] 11 3 80.7292 (best c=2048.0, g=0.03125, rate=85.9375)
[local] -3 3 65.2995 (best c=2048.0, g=0.03125, rate=85.9375)
[local] 9 3 80.7292 (best c=2048.0, g=0.03125, rate=85.9375)
[local] 3 3 80.7292 (best c=2048.0, g=0.03125, rate=85.9375)
[local] 15 3 80.7292 (best c=2048.0, g=0.03125, rate=85.9375)
[local] -5 3 62.3698 (best c=2048.0, g=0.03125, rate=85.9375)
[local] 7 -7 77.0182 (best c=2048.0, g=0.03125, rate=85.9375)
[local] 7 -1 84.5052 (best c=2048.0, g=0.03125, rate=85.9375)
[local] 7 -13 55.7943 (best c=2048.0, g=0.03125, rate=85.9375)
[local] 7 1 82.1615 (best c=2048.0, g=0.03125, rate=85.9375)
[local] 7 -11 62.0443 (best c=2048.0, g=0.03125, rate=85.9375)
[local] 7 -5 82.0964 (best c=2048.0, g=0.03125, rate=85.9375)
[local] 7 -15 50.3906 (best c=2048.0, g=0.03125, rate=85.9375)
[local] 7 3 80.7292 (best c=2048.0, g=0.03125, rate=85.9375)
[local] 5 -9 66.4062 (best c=2048.0, g=0.03125, rate=85.9375)
[local] -1 -9 47.8516 (best c=2048.0, g=0.03125, rate=85.9375)
[local] 11 -9 78.0599 (best c=2048.0, g=0.03125, rate=85.9375)
[local] -3 -9 43.8802 (best c=2048.0, g=0.03125, rate=85.9375)
[local] 9 -9 75.3255 (best c=2048.0, g=0.03125, rate=85.9375)
[local] 3 -9 58.6589 (best c=2048.0, g=0.03125, rate=85.9375)
[local] 15 -9 82.2266 (best c=2048.0, g=0.03125, rate=85.9375)
[local] -5 -9 41.862 (best c=2048.0, g=0.03125, rate=85.9375)
[local] 7 -9 70.638 (best c=2048.0, g=0.03125, rate=85.9375)
[local] 1 -7 59.4401 (best c=2048.0, g=0.03125, rate=85.9375)
[local] 1 -1 75.9766 (best c=2048.0, g=0.03125, rate=85.9375)
[local] 1 -13 42.7083 (best c=2048.0, g=0.03125, rate=85.9375)
[local] 1 1 78.2552 (best c=2048.0, g=0.03125, rate=85.9375)
[local] 1 -11 47.1354 (best c=2048.0, g=0.03125, rate=85.9375)
[local] 1 -5 69.2708 (best c=2048.0, g=0.03125, rate=85.9375)
[local] 1 -15 37.0443 (best c=2048.0, g=0.03125, rate=85.9375)
[local] 1 3 79.7526 (best c=2048.0, g=0.03125, rate=85.9375)
[local] 1 -9 54.7526 (best c=2048.0, g=0.03125, rate=85.9375)
[local] 5 -3 83.2682 (best c=2048.0, g=0.03125, rate=85.9375)
[local] -1 -3 69.0755 (best c=2048.0, g=0.03125, rate=85.9375)
[local] 11 -3 86.7188 (best c=2048.0, g=0.125, rate=86.7188)
[local] -3 -3 55.599 (best c=2048.0, g=0.125, rate=86.7188)
[local] 9 -3 86.7188 (best c=512.0, g=0.125, rate=86.7188)
[local] 3 -3 78.2552 (best c=512.0, g=0.125, rate=86.7188)
[local] 15 -3 86.5885 (best c=512.0, g=0.125, rate=86.7188)
[local] -5 -3 53.776 (best c=512.0, g=0.125, rate=86.7188)
[local] 7 -3 85.1562 (best c=512.0, g=0.125, rate=86.7188)
[local] 1 -3 74.6745 (best c=512.0, g=0.125, rate=86.7188)
[local] 13 -7 83.724 (best c=512.0, g=0.125, rate=86.7188)
[local] 13 -1 84.0495 (best c=512.0, g=0.125, rate=86.7188)
[local] 13 -13 68.5547 (best c=512.0, g=0.125, rate=86.7188)
[local] 13 1 82.0312 (best c=512.0, g=0.125, rate=86.7188)
[local] 13 -11 76.0417 (best c=512.0, g=0.125, rate=86.7188)
[local] 13 -5 85.8724 (best c=512.0, g=0.125, rate=86.7188)
[local] 13 -15 60.2865 (best c=512.0, g=0.125, rate=86.7188)
[local] 13 3 80.7292 (best c=512.0, g=0.125, rate=86.7188)
[local] 13 -9 79.9479 (best c=512.0, g=0.125, rate=86.7188)
[local] 13 -3 86.6536 (best c=512.0, g=0.125, rate=86.7188)
512.0 0.125 86.7188
