[local] 5 -7 76.237 (best c=32.0, g=0.0078125, rate=76.237)
[local] -1 -7 57.2266 (best c=32.0, g=0.0078125, rate=76.237)
[local] 5 -1 84.1797 (best c=32.0, g=0.5, rate=84.1797)
[local] -1 -1 74.2839 (best c=32.0, g=0.5, rate=84.1797)
[local] 11 -7 85.026 (best c=2048.0, g=0.0078125, rate=85.026)
[local] 11 -1 85.1562 (best c=2048.0, g=0.5, rate=85.1562)
[local] 5 -13 54.4271 (best c=2048.0, g=0.5, rate=85.1562)
[local] -1 -13 37.6953 (best c=2048.0, g=0.5, rate=85.1562)
[local] 11 -13 67.5781 (best c=2048.0, g=0.5, rate=85.1562)
[local] -3 -7 50.3906 (best c=2048.0, g=0.5, rate=85.1562)
[local] -3 -1 50.8464 (best c=2048.0, g=0.5, rate=85.1562)
[local] -3 -13 36.9792 (best c=2048.0, g=0.5, rate=85.1562)
[local] 5 1 82.4219 (best c=2048.0, g=0.5, rate=85.1562)
[local] -1 1 74.2839 (best c=2048.0, g=0.5, rate=85.1562)
[local] 11 1 82.7474 (best c=2048.0, g=0.5, rate=85.1562)
[local] -3 1 50.7161 (best c=2048.0, g=0.5, rate=85.1562)
[local] 9 -7 82.4219 (best c=2048.0, g=0.5, rate=85.1562)
[local] 9 -1 85.3516 (best c=512.0, g=0.5, rate=85.3516)
[local] 9 -13 63.3464 (best c=512.0, g=0.5, rate=85.3516)
[local] 9 1 82.7474 (best c=512.0, g=0.5, rate=85.3516)
[local] 5 -11 59.6354 (best c=512.0, g=0.5, rate=85.3516)
[local] -1 -11 47.3958 (best c=512.0, g=0.5, rate=85.3516)
[local] 11 -11 75.0651 (best c=512.0, g=0.5, rate=85.3516)
[local] -3 -11 42.5781 (best c=512.0, g=0.5, rate=85.3516)
[local] 9 -11 71.0286 (best c=512.0, g=0.5, rate=85.3516)
[local] 3 -7 70.5078 (best c=512.0, g=0.5, rate=85.3516)
[local] 3 -1 82.1615 (best c=512.0, g=0.5, rate=85.3516)
[local] 3 -13 48.3724 (best c=512.0, g=0.5, rate=85.3516)
[local] 3 1 81.5104 (best c=512.0, g=0.5, rate=85.3516)
[local] 3 -11 55.0781 (best c=512.0, g=0.5, rate=85.3516)
[local] 5 -5 79.1016 (best c=512.0, g=0.5, rate=85.3516)
[local] -1 -5 63.9323 (best c=512.0, g=0.5, rate=85.3516)
[local] 11 -5 87.2396 (best c=2048.0, g=0.03125, rate=87.2396)
[local] -3 -5 55.6641 (best c=2048.0, g=0.03125, rate=87.2396)
[local] 9 -5 86.3281 (best c=2048.0, g=0.03125, rate=87.2396)
[local] 3 -5 76.3672 (best c=2048.0, g=0.03125, rate=87.2396)
[local] 15 -7 85.6771 (best c=2048.0, g=0.03125, rate=87.2396)
[local] 15 -1 85.1562 (best c=2048.0, g=0.03125, rate=87.2396)
[local] 15 -13 75.9766 (best c=2048.0, g=0.03125, rate=87.2396)
[local] 15 1 82.7474 (best c=2048.0, g=0.03125, rate=87.2396)
[local] 15 -11 81.1849 (best c=2048.0, g=0.03125, rate=87.2396)
[local] 15 -5 87.6302 (best c=32768.0, g=0.03125, rate=87.6302)
[local] 5 -15 47.4609 (best c=32768.0, g=0.03125, rate=87.6302)
[local] -1 -15 35.6771 (best c=32768.0, g=0.03125, rate=87.6302)
[local] 11 -15 62.2396 (best c=32768.0, g=0.03125, rate=87.6302)
[local] -3 -15 35.6771 (best c=32768.0, g=0.03125, rate=87.6302)
[local] 9 -15 58.3984 (best c=32768.0, g=0.03125, rate=87.6302)
[local] 3 -15 46.6797 (best c=32768.0, g=0.03125, rate=87.6302)
[local] 15 -15 68.75 (best c=32768.0, g=0.03125, rate=87.6302)
[local] -5 -7 44.3359 (best c=32768.0, g=0.03125, rate=87.6302)
[local] -5 -1 43.6849 (best c=32768.0, g=0.03125, rate=87.6302)
[local] -5 -13 36.9792 (best c=32768.0, g=0.03125, rate=87.6302)
[local] -5 1 44.987 (best c=32768.0, g=0.03125, rate=87.6302)
[local] -5 -11 42.3177 (best c=32768.0, g=0.03125, rate=87.6302)
[local] -5 -5 49.4141 (best c=32768.0, g=0.03125, rate=87.6302)
[local] -5 -15 35.6771 (best c=32768.0, g=0.03125, rate=87.6302)
[local] 5 3 81.6406 (best c=32768.0, g=0.03125, rate=87.6302)
[local] -1 3 77.0182 (best c=32768.0, g=0.03125, rate=87.6302)
[local] 11 3 81.7057 (best c=32768.0, g=0.03125, rate=87.6302)
[local] -3 3 64.388 (best c=32768.0, g=0.03125, rate=87.6302)
[local] 9 3 81.7057 (best c=32768.0, g=0.03125, rate=87.6302)
[local] 3 3 81.25 (best c=32768.0, g=0.03125, rate=87.6302)
[local] 15 3 81.7057 (best c=32768.0, g=0.03125, rate=87.6302)
[local] -5 3 58.3984 (best c=32768.0, g=0.03125, rate=87.6302)
[local] 7 -7 77.9297 (best c=32768.0, g=0.03125, rate=87.6302)
[local] 7 -1 85.026 (best c=32768.0, g=0.03125, rate=87.6302)
[local] 7 -13 58.2031 (best c=32768.0, g=0.03125, rate=87.6302)
[local] 7 1 82.7474 (best c=32768.0, g=0.03125, rate=87.6302)
[local] 7 -11 65.5599 (best c=32768.0, g=0.03125, rate=87.6302)
[local] 7 -5 83.5938 (best c=32768.0, g=0.03125, rate=87.6302)
[local] 7 -15 53.776 (best c=32768.0, g=0.03125, rate=87.6302)
[local] 7 3 81.7057 (best c=32768.0, g=0.03125, rate=87.6302)
[local] 5 -9 69.0104 (best c=32768.0, g=0.03125, rate=87.6302)
[local] -1 -9 50.3255 (best c=32768.0, g=0.03125, rate=87.6302)
[local] 11 -9 80.0781 (best c=32768.0, g=0.03125, rate=87.6302)
[local] -3 -9 45.638 (best c=32768.0, g=0.03125, rate=87.6302)
[local] 9 -9 76.888 (best c=32768.0, g=0.03125, rate=87.6302)
[local] 3 -9 61.3932 (best c=32768.0, g=0.03125, rate=87.6302)
[local] 15 -9 82.7474 (best c=32768.0, g=0.03125, rate=87.6302)
[local] -5 -9 42.513 (best c=32768.0, g=0.03125, rate=87.6302)
[local] 7 -9 73.8281 (best c=32768.0, g=0.03125, rate=87.6302)
[local] 1 -7 63.0859 (best c=32768.0, g=0.03125, rate=87.6302)
[local] 1 -1 78.125 (best c=32768.0, g=0.03125, rate=87.6302)
[local] 1 -13 46.9401 (best c=32768.0, g=0.03125, rate=87.6302)
[local] 1 1 79.5573 (best c=32768.0, g=0.03125, rate=87.6302)
[local] 1 -11 49.4792 (best c=32768.0, g=0.03125, rate=87.6302)
[local] 1 -5 71.6146 (best c=32768.0, g=0.03125, rate=87.6302)
[local] 1 -15 36.6536 (best c=32768.0, g=0.03125, rate=87.6302)
[local] 1 3 80.599 (best c=32768.0, g=0.03125, rate=87.6302)
[local] 1 -9 55.9896 (best c=32768.0, g=0.03125, rate=87.6302)
[local] 5 -3 84.5052 (best c=32768.0, g=0.03125, rate=87.6302)
[local] -1 -3 71.4844 (best c=32768.0, g=0.03125, rate=87.6302)
[local] 11 -3 87.5651 (best c=32768.0, g=0.03125, rate=87.6302)
[local] -3 -3 55.3385 (best c=32768.0, g=0.03125, rate=87.6302)
[local] 9 -3 87.3047 (best c=32768.0, g=0.03125, rate=87.6302)
[local] 3 -3 79.9479 (best c=32768.0, g=0.03125, rate=87.6302)
[local] 15 -3 87.5651 (best c=32768.0, g=0.03125, rate=87.6302)
[local] -5 -3 47.2656 (best c=32768.0, g=0.03125, rate=87.6302)
[local] 7 -3 86.1979 (best c=32768.0, g=0.03125, rate=87.6302)
[local] 1 -3 77.0182 (best c=32768.0, g=0.03125, rate=87.6302)
[local] 13 -7 85.6771 (best c=32768.0, g=0.03125, rate=87.6302)
[local] 13 -1 85.1562 (best c=32768.0, g=0.03125, rate=87.6302)
[local] 13 -13 72.8516 (best c=32768.0, g=0.03125, rate=87.6302)
[local] 13 1 82.7474 (best c=32768.0, g=0.03125, rate=87.6302)
[local] 13 -11 77.9948 (best c=32768.0, g=0.03125, rate=87.6302)
[local] 13 -5 87.5651 (best c=32768.0, g=0.03125, rate=87.6302)
[local] 13 -15 64.8438 (best c=32768.0, g=0.03125, rate=87.6302)
[local] 13 3 81.7057 (best c=32768.0, g=0.03125, rate=87.6302)
[local] 13 -9 82.487 (best c=32768.0, g=0.03125, rate=87.6302)
[local] 13 -3 87.5651 (best c=32768.0, g=0.03125, rate=87.6302)
32768.0 0.03125 87.6302
