[local] 5 -7 74.4141 (best c=32.0, g=0.0078125, rate=74.4141)
[local] -1 -7 56.7708 (best c=32.0, g=0.0078125, rate=74.4141)
[local] 5 -1 83.0729 (best c=32.0, g=0.5, rate=83.0729)
[local] -1 -1 71.8099 (best c=32.0, g=0.5, rate=83.0729)
[local] 11 -7 83.7891 (best c=2048.0, g=0.0078125, rate=83.7891)
[local] 11 -1 83.9844 (best c=2048.0, g=0.5, rate=83.9844)
[local] 5 -13 54.2318 (best c=2048.0, g=0.5, rate=83.9844)
[local] -1 -13 38.6068 (best c=2048.0, g=0.5, rate=83.9844)
[local] 11 -13 65.7552 (best c=2048.0, g=0.5, rate=83.9844)
[local] -3 -7 46.7448 (best c=2048.0, g=0.5, rate=83.9844)
[local] -3 -1 55.3385 (best c=2048.0, g=0.5, rate=83.9844)
[local] -3 -13 38.5417 (best c=2048.0, g=0.5, rate=83.9844)
[local] 5 1 80.4688 (best c=2048.0, g=0.5, rate=83.9844)
[local] -1 1 73.6328 (best c=2048.0, g=0.5, rate=83.9844)
[local] 11 1 81.6406 (best c=2048.0, g=0.5, rate=83.9844)
[local] -3 1 57.1615 (best c=2048.0, g=0.5, rate=83.9844)
[local] 9 -7 81.3151 (best c=2048.0, g=0.5, rate=83.9844)
[local] 9 -1 83.7891 (best c=2048.0, g=0.5, rate=83.9844)
[local] 9 -13 62.9557 (best c=2048.0, g=0.5, rate=83.9844)
[local] 9 1 81.6406 (best c=2048.0, g=0.5, rate=83.9844)
[local] 5 -11 59.7005 (best c=2048.0, g=0.5, rate=83.9844)
[local] -1 -11 46.0938 (best c=2048.0, g=0.5, rate=83.9844)
[local] 11 -11 72.2005 (best c=2048.0, g=0.5, rate=83.9844)
[local] -3 -11 42.5781 (best c=2048.0, g=0.5, rate=83.9844)
[local] 9 -11 69.7917 (best c=2048.0, g=0.5, rate=83.9844)
[local] 3 -7 70.8984 (best c=2048.0, g=0.5, rate=83.9844)
[local] 3 -1 80.599 (best c=2048.0, g=0.5, rate=83.9844)
[local] 3 -13 49.8047 (best c=2048.0, g=0.5, rate=83.9844)
[local] 3 1 80.1432 (best c=2048.0, g=0.5, rate=83.9844)
[local] 3 -11 55.3385 (best c=2048.0, g=0.5, rate=83.9844)
[local] 5 -5 77.9297 (best c=2048.0, g=0.5, rate=83.9844)
[local] -1 -5 62.1745 (best c=2048.0, g=0.5, rate=83.9844)
[local] 11 -5 86.9792 (best c=2048.0, g=0.03125, rate=86.9792)
[local] -3 -5 53.125 (best c=2048.0, g=0.03125, rate=86.9792)
[local] 9 -5 86.4583 (best c=2048.0, g=0.03125, rate=86.9792)
[local] 3 -5 74.8047 (best c=2048.0, g=0.03125, rate=86.9792)
[local] 15 -7 84.5052 (best c=2048.0, g=0.03125, rate=86.9792)
[local] 15 -1 83.9844 (best c=2048.0, g=0.03125, rate=86.9792)
[local] 15 -13 73.5026 (best c=2048.0, g=0.03125, rate=86.9792)
[local] 15 1 81.6406 (best c=2048.0, g=0.03125, rate=86.9792)
[local] 15 -11 78.776 (best c=2048.0, g=0.03125, rate=86.9792)
[local] 15 -5 87.0443 (best c=32768.0, g=0.03125, rate=87.0443)
[local] 5 -15 48.763 (best c=32768.0, g=0.03125, rate=87.0443)
[local] -1 -15 37.3047 (best c=32768.0, g=0.03125, rate=87.0443)
[local] 11 -15 61.6536 (best c=32768.0, g=0.03125, rate=87.0443)
[local] -3 -15 37.3047 (best c=32768.0, g=0.03125, rate=87.0443)
[local] 9 -15 58.5938 (best c=32768.0, g=0.03125, rate=87.0443)
[local] 3 -15 42.513 (best c=32768.0, g=0.03125, rate=87.0443)
[local] 15 -15 65.9505 (best c=32768.0, g=0.03125, rate=87.0443)
[local] -5 -7 42.7083 (best c=32768.0, g=0.03125, rate=87.0443)
[local] -5 -1 56.3151 (best c=32768.0, g=0.03125, rate=87.0443)
[local] -5 -13 38.5417 (best c=32768.0, g=0.03125, rate=87.0443)
[local] -5 1 56.25 (best c=32768.0, g=0.03125, rate=87.0443)
[local] -5 -11 42.6432 (best c=32768.0, g=0.03125, rate=87.0443)
[local] -5 -5 43.75 (best c=32768.0, g=0.03125, rate=87.0443)
[local] -5 -15 37.3047 (best c=32768.0, g=0.03125, rate=87.0443)
[local] 5 3 80.9896 (best c=32768.0, g=0.03125, rate=87.0443)
[local] -1 3 75.2604 (best c=32768.0, g=0.03125, rate=87.0443)
[local] 11 3 81.0547 (best c=32768.0, g=0.03125, rate=87.0443)
[local] -3 3 60.026 (best c=32768.0, g=0.03125, rate=87.0443)
[local] 9 3 81.0547 (best c=32768.0, g=0.03125, rate=87.0443)
[local] 3 3 80.8594 (best c=32768.0, g=0.03125, rate=87.0443)
[local] 15 3 81.0547 (best c=32768.0, g=0.03125, rate=87.0443)
[local] -5 3 57.3568 (best c=32768.0, g=0.03125, rate=87.0443)
[local] 7 -7 77.0182 (best c=32768.0, g=0.03125, rate=87.0443)
[local] 7 -1 83.6589 (best c=32768.0, g=0.03125, rate=87.0443)
[local] 7 -13 59.0495 (best c=32768.0, g=0.03125, rate=87.0443)
[local] 7 1 80.599 (best c=32768.0, g=0.03125, rate=87.0443)
[local] 7 -11 65.6901 (best c=32768.0, g=0.03125, rate=87.0443)
[local] 7 -5 83.2031 (best c=32768.0, g=0.03125, rate=87.0443)
[local] 7 -15 53.6458 (best c=32768.0, g=0.03125, rate=87.0443)
[local] 7 3 81.0547 (best c=32768.0, g=0.03125, rate=87.0443)
[local] 5 -9 68.099 (best c=32768.0, g=0.03125, rate=87.0443)
[local] -1 -9 51.1719 (best c=32768.0, g=0.03125, rate=87.0443)
[local] 11 -9 78.0599 (best c=32768.0, g=0.03125, rate=87.0443)
[local] -3 -9 45.3776 (best c=32768.0, g=0.03125, rate=87.0443)
[local] 9 -9 75.1302 (best c=32768.0, g=0.03125, rate=87.0443)
[local] 3 -9 61.0026 (best c=32768.0, g=0.03125, rate=87.0443)
[local] 15 -9 82.3568 (best c=32768.0, g=0.03125, rate=87.0443)
[local] -5 -9 42.8385 (best c=32768.0, g=0.03125, rate=87.0443)
[local] 7 -9 72.0703 (best c=32768.0, g=0.03125, rate=87.0443)
[local] 1 -7 62.1745 (best c=32768.0, g=0.03125, rate=87.0443)
[local] 1 -1 76.6927 (best c=32768.0, g=0.03125, rate=87.0443)
[local] 1 -13 44.3359 (best c=32768.0, g=0.03125, rate=87.0443)
[local] 1 1 77.7344 (best c=32768.0, g=0.03125, rate=87.0443)
[local] 1 -11 50.7161 (best c=32768.0, g=0.03125, rate=87.0443)
[local] 1 -5 72.1354 (best c=32768.0, g=0.03125, rate=87.0443)
[local] 1 -15 37.6302 (best c=32768.0, g=0.03125, rate=87.0443)
[local] 1 3 80.4036 (best c=32768.0, g=0.03125, rate=87.0443)
[local] 1 -9 56.5104 (best c=32768.0, g=0.03125, rate=87.0443)
[local] 5 -3 83.5286 (best c=32768.0, g=0.03125, rate=87.0443)
[local] -1 -3 71.224 (best c=32768.0, g=0.03125, rate=87.0443)
[local] 11 -3 86.4583 (best c=32768.0, g=0.03125, rate=87.0443)
[local] -3 -3 56.3802 (best c=32768.0, g=0.03125, rate=87.0443)
[local] 9 -3 86.3932 (best c=32768.0, g=0.03125, rate=87.0443)
[local] 3 -3 78.3203 (best c=32768.0, g=0.03125, rate=87.0443)
[local] 15 -3 86.5234 (best c=32768.0, g=0.03125, rate=87.0443)
[local] -5 -3 54.8177 (best c=32768.0, g=0.03125, rate=87.0443)
[local] 7 -3 85.8073 (best c=32768.0, g=0.03125, rate=87.0443)
[local] 1 -3 74.7396 (best c=32768.0, g=0.03125, rate=87.0443)
[local] 13 -7 84.2448 (best c=32768.0, g=0.03125, rate=87.0443)
[local] 13 -1 83.9844 (best c=32768.0, g=0.03125, rate=87.0443)
[local] 13 -13 70.638 (best c=32768.0, g=0.03125, rate=87.0443)
[local] 13 1 81.6406 (best c=32768.0, g=0.03125, rate=87.0443)
[local] 13 -11 76.3021 (best c=32768.0, g=0.03125, rate=87.0443)
[local] 13 -5 86.9141 (best c=32768.0, g=0.03125, rate=87.0443)
[local] 13 -15 64.2578 (best c=32768.0, g=0.03125, rate=87.0443)
[local] 13 3 81.0547 (best c=32768.0, g=0.03125, rate=87.0443)
[local] 13 -9 82.0312 (best c=32768.0, g=0.03125, rate=87.0443)
[local] 13 -3 86.5885 (best c=32768.0, g=0.03125, rate=87.0443)
32768.0 0.03125 87.0443
