[local] 5 -7 76.6276 (best c=32.0, g=0.0078125, rate=76.6276)
[local] -1 -7 60.9375 (best c=32.0, g=0.0078125, rate=76.6276)
[local] 5 -1 84.375 (best c=32.0, g=0.5, rate=84.375)
[local] -1 -1 73.112 (best c=32.0, g=0.5, rate=84.375)
[local] 11 -7 86.6536 (best c=2048.0, g=0.0078125, rate=86.6536)
[local] 11 -1 84.375 (best c=2048.0, g=0.0078125, rate=86.6536)
[local] 5 -13 58.5286 (best c=2048.0, g=0.0078125, rate=86.6536)
[local] -1 -13 44.4661 (best c=2048.0, g=0.0078125, rate=86.6536)
[local] 11 -13 71.224 (best c=2048.0, g=0.0078125, rate=86.6536)
[local] -3 -7 53.5807 (best c=2048.0, g=0.0078125, rate=86.6536)
[local] -3 -1 57.5521 (best c=2048.0, g=0.0078125, rate=86.6536)
[local] -3 -13 44.401 (best c=2048.0, g=0.0078125, rate=86.6536)
[local] 5 1 82.3568 (best c=2048.0, g=0.0078125, rate=86.6536)
[local] -1 1 76.237 (best c=2048.0, g=0.0078125, rate=86.6536)
[local] 11 1 82.7474 (best c=2048.0, g=0.0078125, rate=86.6536)
[local] -3 1 62.4349 (best c=2048.0, g=0.0078125, rate=86.6536)
[local] 9 -7 85.5469 (best c=2048.0, g=0.0078125, rate=86.6536)
[local] 9 -1 84.375 (best c=2048.0, g=0.0078125, rate=86.6536)
[local] 9 -13 65.5599 (best c=2048.0, g=0.0078125, rate=86.6536)
[local] 9 1 82.7474 (best c=2048.0, g=0.0078125, rate=86.6536)
[local] 5 -11 63.9323 (best c=2048.0, g=0.0078125, rate=86.6536)
[local] -1 -11 52.0833 (best c=2048.0, g=0.0078125, rate=86.6536)
[local] 11 -11 77.2786 (best c=2048.0, g=0.0078125, rate=86.6536)
[local] -3 -11 46.2891 (best c=2048.0, g=0.0078125, rate=86.6536)
[local] 9 -11 73.763 (best c=2048.0, g=0.0078125, rate=86.6536)
[local] 3 -7 73.6328 (best c=2048.0, g=0.0078125, rate=86.6536)
[local] 3 -1 83.0078 (best c=2048.0, g=0.0078125, rate=86.6536)
[local] 3 -13 56.25 (best c=2048.0, g=0.0078125, rate=86.6536)
[local] 3 1 82.1615 (best c=2048.0, g=0.0078125, rate=86.6536)
[local] 3 -11 58.3984 (best c=2048.0, g=0.0078125, rate=86.6536)
[local] 5 -5 81.9661 (best c=2048.0, g=0.0078125, rate=86.6536)
[local] -1 -5 66.0807 (best c=2048.0, g=0.0078125, rate=86.6536)
[local] 11 -5 87.5651 (best c=2048.0, g=0.03125, rate=87.5651)
[local] -3 -5 55.8594 (best c=2048.0, g=0.03125, rate=87.5651)
[local] 9 -5 87.1745 (best c=2048.0, g=0.03125, rate=87.5651)
[local] 3 -5 76.9531 (best c=2048.0, g=0.03125, rate=87.5651)
[local] 15 -7 87.0443 (best c=2048.0, g=0.03125, rate=87.5651)
[local] 15 -1 84.375 (best c=2048.0, g=0.03125, rate=87.5651)
[local] 15 -13 80.1432 (best c=2048.0, g=0.03125, rate=87.5651)
[local] 15 1 82.7474 (best c=2048.0, g=0.03125, rate=87.5651)
[local] 15 -11 83.3984 (best c=2048.0, g=0.03125, rate=87.5651)
[local] 15 -5 87.6953 (best c=32768.0, g=0.03125, rate=87.6953)
[local] 5 -15 55.9245 (best c=32768.0, g=0.03125, rate=87.6953)
[local] -1 -15 43.3594 (best c=32768.0, g=0.03125, rate=87.6953)
[local] 11 -15 64.1276 (best c=32768.0, g=0.03125, rate=87.6953)
[local] -3 -15 43.3594 (best c=32768.0, g=0.03125, rate=87.6953)
[local] 9 -15 62.9557 (best c=32768.0, g=0.03125, rate=87.6953)
[local] 3 -15 52.6693 (best c=32768.0, g=0.03125, rate=87.6953)
[local] 15 -15 74.0234 (best c=32768.0, g=0.03125, rate=87.6953)
[local] -5 -7 50.9115 (best c=32768.0, g=0.03125, rate=87.6953)
[local] -5 -1 55.2734 (best c=32768.0, g=0.03125, rate=87.6953)
[local] -5 -13 44.401 (best c=32768.0, g=0.03125, rate=87.6953)
[local] -5 1 60.9375 (best c=32768.0, g=0.03125, rate=87.6953)
[local] -5 -11 46.2891 (best c=32768.0, g=0.03125, rate=87.6953)
[local] -5 -5 47.3307 (best c=32768.0, g=0.03125, rate=87.6953)
[local] -5 -15 43.3594 (best c=32768.0, g=0.03125, rate=87.6953)
[local] 5 3 81.3151 (best c=32768.0, g=0.03125, rate=87.6953)
[local] -1 3 79.9479 (best c=32768.0, g=0.03125, rate=87.6953)
[local] 11 3 81.3151 (best c=32768.0, g=0.03125, rate=87.6953)
[local] -3 3 71.875 (best c=32768.0, g=0.03125, rate=87.6953)
[local] 9 3 81.3151 (best c=32768.0, g=0.03125, rate=87.6953)
[local] 3 3 81.1849 (best c=32768.0, g=0.03125, rate=87.6953)
[local] 15 3 81.3151 (best c=32768.0, g=0.03125, rate=87.6953)
[local] -5 3 68.8802 (best c=32768.0, g=0.03125, rate=87.6953)
[local] 7 -7 81.3802 (best c=32768.0, g=0.03125, rate=87.6953)
[local] 7 -1 84.6354 (best c=32768.0, g=0.03125, rate=87.6953)
[local] 7 -13 63.4766 (best c=32768.0, g=0.03125, rate=87.6953)
[local] 7 1 82.487 (best c=32768.0, g=0.03125, rate=87.6953)
[local] 7 -11 69.2057 (best c=32768.0, g=0.03125, rate=87.6953)
[local] 7 -5 86.263 (best c=32768.0, g=0.03125, rate=87.6953)
[local] 7 -15 58.4635 (best c=32768.0, g=0.03125, rate=87.6953)
[local] 7 3 81.3151 (best c=32768.0, g=0.03125, rate=87.6953)
[local] 5 -9 72.5911 (best c=32768.0, g=0.03125, rate=87.6953)
[local] -1 -9 57.1615 (best c=32768.0, g=0.03125, rate=87.6953)
[local] 11 -9 82.8125 (best c=32768.0, g=0.03125, rate=87.6953)
[local] -3 -9 49.7396 (best c=32768.0, g=0.03125, rate=87.6953)
[local] 9 -9 80.0781 (best c=32768.0, g=0.03125, rate=87.6953)
[local] 3 -9 66.0156 (best c=32768.0, g=0.03125, rate=87.6953)
[local] 15 -9 84.9609 (best c=32768.0, g=0.03125, rate=87.6953)
[local] -5 -9 45.4427 (best c=32768.0, g=0.03125, rate=87.6953)
[local] 7 -9 75.5208 (best c=32768.0, g=0.03125, rate=87.6953)
[local] 1 -7 66.6667 (best c=32768.0, g=0.03125, rate=87.6953)
[local] 1 -1 79.1016 (best c=32768.0, g=0.03125, rate=87.6953)
[local] 1 -13 53.125 (best c=32768.0, g=0.03125, rate=87.6953)
[local] 1 1 81.25 (best c=32768.0, g=0.03125, rate=87.6953)
[local] 1 -11 57.1615 (best c=32768.0, g=0.03125, rate=87.6953)
[local] 1 -5 73.3724 (best c=32768.0, g=0.03125, rate=87.6953)
[local] 1 -15 43.6198 (best c=32768.0, g=0.03125, rate=87.6953)
[local] 1 3 81.0547 (best c=32768.0, g=0.03125, rate=87.6953)
[local] 1 -9 60.6771 (best c=32768.0, g=0.03125, rate=87.6953)
[local] 5 -3 85.6771 (best c=32768.0, g=0.03125, rate=87.6953)
[local] -1 -3 72.526 (best c=32768.0, g=0.03125, rate=87.6953)
[local] 11 -3 87.1745 (best c=32768.0, g=0.03125, rate=87.6953)
[local] -3 -3 57.4219 (best c=32768.0, g=0.03125, rate=87.6953)
[local] 9 -3 87.1094 (best c=32768.0, g=0.03125, rate=87.6953)
[local] 3 -3 81.1849 (best c=32768.0, g=0.03125, rate=87.6953)
[local] 15 -3 87.1094 (best c=32768.0, g=0.03125, rate=87.6953)
[local] -5 -3 54.4271 (best c=32768.0, g=0.03125, rate=87.6953)
[local] 7 -3 86.6536 (best c=32768.0, g=0.03125, rate=87.6953)
[local] 1 -3 76.1719 (best c=32768.0, g=0.03125, rate=87.6953)
[local] 13 -7 86.6536 (best c=32768.0, g=0.03125, rate=87.6953)
[local] 13 -1 84.375 (best c=32768.0, g=0.03125, rate=87.6953)
[local] 13 -13 75.9766 (best c=32768.0, g=0.03125, rate=87.6953)
[local] 13 1 82.7474 (best c=32768.0, g=0.03125, rate=87.6953)
[local] 13 -11 80.7943 (best c=32768.0, g=0.03125, rate=87.6953)
[local] 13 -5 87.6953 (best c=8192.0, g=0.03125, rate=87.6953)
[local] 13 -15 68.1641 (best c=8192.0, g=0.03125, rate=87.6953)
[local] 13 3 81.3151 (best c=8192.0, g=0.03125, rate=87.6953)
[local] 13 -9 84.9609 (best c=8192.0, g=0.03125, rate=87.6953)
[local] 13 -3 87.1094 (best c=8192.0, g=0.03125, rate=87.6953)
8192.0 0.03125 87.6953
