8192.0 0.03125 85.8724
8192.0 0.03125 86.9792
32768.0 0.03125 87.6953
8192.0 0.03125 86.7188
8192.0 0.03125 86.7188
8192.0 0.03125 87.1094
2048.0 0.03125 87.2396
32768.0 0.03125 87.9557
32768.0 0.03125 86.263
2048.0 0.03125 87.5
8192.0 0.125 85.2865
2048.0 0.03125 86.849
8192.0 0.0078125 86.1979
32768.0 0.03125 87.6302
8192.0 0.03125 87.1745
32768.0 0.03125 87.4349
8192.0 0.03125 86.9792
8192.0 0.03125 86.3932
2048.0 0.03125 86.7188
32768.0 0.03125 87.6953
8192.0 0.03125 86.3932
512.0 0.5 85.2214
2048.0 0.03125 87.5651
2048.0 0.03125 86.3932
2048.0 0.03125 86.7839
2048.0 0.03125 86.3932
32768.0 0.0078125 86.9141
32768.0 0.03125 85.8073
32768.0 0.03125 87.1094
32768.0 0.03125 87.3698
32768.0 0.03125 87.5651
8192.0 0.03125 88.2812
32768.0 0.125 85.2865
8192.0 0.03125 88.0208
2048.0 0.03125 87.6953
2048.0 0.03125 86.7188
8192.0 0.03125 86.5234
8192.0 0.03125 86.7839
32768.0 0.03125 87.1094
8192.0 0.03125 87.8906
8192.0 0.0078125 87.3047
8192.0 0.03125 86.7839
2048.0 0.03125 86.1328
2048.0 0.125 85.0911
8192.0 0.03125 87.3047
32768.0 0.03125 86.7188
2048.0 0.03125 86.7839
2048.0 0.03125 86.9141
2048.0 0.03125 84.8307
2048.0 0.03125 86.1328
2048.0 0.03125 86.9141
2048.0 0.03125 87.3047
2048.0 0.03125 86.9792
2048.0 0.03125 86.3281
32768.0 0.125 85.4818
32768.0 0.03125 87.1745
8192.0 0.03125 85.5469
2048.0 0.03125 87.9557
2048.0 0.03125 87.4349
2048.0 0.03125 87.6302
2048.0 0.03125 87.0443
2048.0 0.03125 86.3932
8192.0 0.03125 86.7188
2048.0 0.03125 86.3281
2048.0 0.03125 87.6302
2048.0 0.125 85.4167
32768.0 0.0078125 86.9792
8192.0 0.03125 87.8906
8192.0 0.03125 87.6953
8192.0 0.03125 87.0443
32768.0 0.03125 86.4583
2048.0 0.03125 87.4349
2048.0 0.03125 87.1094
2048.0 0.03125 87.2396
2048.0 0.03125 86.3281
2048.0 0.03125 87.1745
32768.0 0.125 86.3281
2048.0 0.03125 88.0208
2048.0 0.03125 87.3698
32768.0 0.03125 86.3281
2048.0 0.03125 86.7839
512.0 0.03125 86.9141
2048.0 0.03125 86.7839
2048.0 0.03125 88.151
8192.0 0.03125 87.5
8192.0 0.03125 87.6302
8192.0 0.03125 86.263
32768.0 0.125 85.2865
8192.0 0.03125 86.6536
8192.0 0.03125 86.5234
2048.0 0.03125 87.9557
2048.0 0.03125 87.3047
8192.0 0.03125 87.6953
2048.0 0.03125 86.5885
8192.0 0.03125 87.5651
8192.0 0.0078125 87.8255
2048.0 0.03125 87.6302
2048.0 0.03125 87.3047
2048.0 0.125 85.2214
2048.0 0.03125 87.2396
2048.0 0.03125 87.1094
2048.0 0.03125 88.3464
2048.0 0.03125 86.9141
2048.0 0.03125 87.4349
8192.0 0.0078125 85.8073
2048.0 0.03125 88.0208
2048.0 0.03125 87.3698
2048.0 0.03125 88.3464
2048.0 0.03125 87.3698
8192.0 0.125 86.263
32768.0 0.125 85.612
2048.0 0.125 87.1094
2048.0 0.125 86.3932
2048.0 0.125 86.6536
2048.0 0.125 85.0911
8192.0 0.125 85.8724
32768.0 0.125 86.5885
8192.0 0.125 87.0443
2048.0 0.125 86.0026
2048.0 0.125 86.9141
32768.0 0.125 86.7839
8192.0 0.125 85.4818
2048.0 0.125 86.1328
512.0 0.125 86.0026
2048.0 0.125 85.3516
8192.0 0.125 85.9375
512.0 0.125 86.9141
512.0 0.125 87.4349
2048.0 0.125 86.7839
2048.0 0.125 85.8724
2048.0 0.03125 86.9141
512.0 0.125 86.1328
2048.0 0.125 87.6953
8192.0 0.125 87.1094
8192.0 0.03125 86.5885
512.0 0.125 86.3932
8192.0 0.125 87.0443
8192.0 0.125 86.5885
512.0 0.03125 87.1094
512.0 0.125 86.7188
32768.0 0.03125 86.9792
8192.0 0.125 85.9375
8192.0 0.03125 85.4167
512.0 0.125 86.7188
512.0 0.125 87.2396
32768.0 0.03125 85.8073
8192.0 0.125 86.7188
512.0 0.125 86.849
32768.0 0.03125 86.7188
32768.0 0.03125 87.6302
512.0 0.125 88.0208
32768.0 0.03125 87.0443
2048.0 0.03125 86.9792
2048.0 0.03125 86.0677
8192.0 0.03125 88.151
8192.0 0.03125 87.3698
512.0 0.125 86.5885
8192.0 0.03125 85.2865
32768.0 0.03125 86.5234
8192.0 0.03125 87.8255
2048.0 0.03125 85.8073
32768.0 0.03125 86.9792
8192.0 0.03125 86.7188
2048.0 0.03125 86.5234
2048.0 0.03125 86.0026
32768.0 0.03125 87.3047
8192.0 0.03125 86.3932
2048.0 0.03125 87.6953
8192.0 0.03125 87.4349
8192.0 0.03125 86.7188
8192.0 0.03125 86.9792
32768.0 0.03125 87.3047
8192.0 0.03125 85.6771
32768.0 0.03125 87.1094
8192.0 0.03125 87.0443
8192.0 0.03125 86.1979
32768.0 0.03125 87.2396
32768.0 0.03125 86.9792
32768.0 0.03125 85.8724
8192.0 0.03125 86.7839
32768.0 0.03125 86.0677
32768.0 0.03125 87.2396
8192.0 0.03125 86.4583
32768.0 0.03125 86.6536
8192.0 0.03125 87.6953
2048.0 0.03125 86.849
2048.0 0.03125 86.9141
32768.0 0.03125 86.6536
32768.0 0.03125 86.849
32768.0 0.03125 86.9792
