0 info it worked if it ends with ok
1 verbose cli [ '/usr/bin/node', '/usr/bin/npm', 'install', '-g', 'supervisor' ]
2 info using npm@3.10.3
3 info using node@v4.4.1
4 silly loadCurrentTree Starting
5 silly install loadCurrentTree
6 silly install readGlobalPackageData
7 silly fetchPackageMetaData supervisor
8 silly fetchNamedPackageData supervisor
9 silly mapToRegistry name supervisor
10 silly mapToRegistry using default registry
11 silly mapToRegistry registry https://registry.npmjs.org/
12 silly mapToRegistry data Result {
12 silly mapToRegistry   raw: 'supervisor',
12 silly mapToRegistry   scope: null,
12 silly mapToRegistry   escapedName: 'supervisor',
12 silly mapToRegistry   name: 'supervisor',
12 silly mapToRegistry   rawSpec: '',
12 silly mapToRegistry   spec: 'latest',
12 silly mapToRegistry   type: 'tag' }
13 silly mapToRegistry uri https://registry.npmjs.org/supervisor
14 verbose request uri https://registry.npmjs.org/supervisor
15 verbose request no auth needed
16 info attempt registry request try #1 at 14:14:14
17 verbose request id 96f4c552895e4d5e
18 http request GET https://registry.npmjs.org/supervisor
19 http 200 https://registry.npmjs.org/supervisor
20 verbose headers { server: 'CouchDB/1.6.1 (Erlang OTP/R16B03)',
20 verbose headers   etag: '"CYLAONEMIZ3ED1EE48KQHJ5WH"',
20 verbose headers   'content-type': 'application/json',
20 verbose headers   'content-encoding': 'gzip',
20 verbose headers   'cache-control': 'max-age=300',
20 verbose headers   'content-length': '8127',
20 verbose headers   'accept-ranges': 'bytes',
20 verbose headers   date: 'Tue, 05 Jul 2016 06:14:17 GMT',
20 verbose headers   via: '1.1 varnish',
20 verbose headers   age: '0',
20 verbose headers   connection: 'keep-alive',
20 verbose headers   'x-served-by': 'cache-lax1432-LAX',
20 verbose headers   'x-cache': 'MISS',
20 verbose headers   'x-cache-hits': '0',
20 verbose headers   'x-timer': 'S1467699257.284345,VS0,VE426',
20 verbose headers   vary: 'Accept-Encoding' }
21 silly get cb [ 200,
21 silly get   { server: 'CouchDB/1.6.1 (Erlang OTP/R16B03)',
21 silly get     etag: '"CYLAONEMIZ3ED1EE48KQHJ5WH"',
21 silly get     'content-type': 'application/json',
21 silly get     'content-encoding': 'gzip',
21 silly get     'cache-control': 'max-age=300',
21 silly get     'content-length': '8127',
21 silly get     'accept-ranges': 'bytes',
21 silly get     date: 'Tue, 05 Jul 2016 06:14:17 GMT',
21 silly get     via: '1.1 varnish',
21 silly get     age: '0',
21 silly get     connection: 'keep-alive',
21 silly get     'x-served-by': 'cache-lax1432-LAX',
21 silly get     'x-cache': 'MISS',
21 silly get     'x-cache-hits': '0',
21 silly get     'x-timer': 'S1467699257.284345,VS0,VE426',
21 silly get     vary: 'Accept-Encoding' } ]
22 verbose get saving supervisor to /home/elvis/.npm/registry.npmjs.org/supervisor/.cache.json
23 verbose correctMkdir /home/elvis/.npm correctMkdir not in flight; initializing
24 silly install normalizeTree
25 silly loadCurrentTree Finishing
26 silly loadIdealTree Starting
27 silly install loadIdealTree
28 silly cloneCurrentTree Starting
29 silly install cloneCurrentTreeToIdealTree
30 silly cloneCurrentTree Finishing
31 silly loadShrinkwrap Starting
32 silly install loadShrinkwrap
33 silly loadShrinkwrap Finishing
34 silly loadAllDepsIntoIdealTree Starting
35 silly install loadAllDepsIntoIdealTree
36 silly resolveWithNewModule supervisor@0.11.0 checking installable status
37 silly cache add args [ 'supervisor', null ]
38 verbose cache add spec supervisor
39 silly cache add parsed spec Result {
39 silly cache add   raw: 'supervisor',
39 silly cache add   scope: null,
39 silly cache add   escapedName: 'supervisor',
39 silly cache add   name: 'supervisor',
39 silly cache add   rawSpec: '',
39 silly cache add   spec: 'latest',
39 silly cache add   type: 'tag' }
40 silly addNamed supervisor@latest
41 verbose addNamed "latest" is being treated as a dist-tag for supervisor
42 info addNameTag [ 'supervisor', 'latest' ]
43 silly mapToRegistry name supervisor
44 silly mapToRegistry using default registry
45 silly mapToRegistry registry https://registry.npmjs.org/
46 silly mapToRegistry data Result {
46 silly mapToRegistry   raw: 'supervisor',
46 silly mapToRegistry   scope: null,
46 silly mapToRegistry   escapedName: 'supervisor',
46 silly mapToRegistry   name: 'supervisor',
46 silly mapToRegistry   rawSpec: '',
46 silly mapToRegistry   spec: 'latest',
46 silly mapToRegistry   type: 'tag' }
47 silly mapToRegistry uri https://registry.npmjs.org/supervisor
48 verbose addNameTag registry:https://registry.npmjs.org/supervisor not in flight; fetching
49 verbose get https://registry.npmjs.org/supervisor not expired, no request
50 silly addNameTag next cb for supervisor with tag latest
51 silly addNamed supervisor@0.11.0
52 verbose addNamed "0.11.0" is a plain semver version for supervisor
53 silly mapToRegistry name supervisor
54 silly mapToRegistry using default registry
55 silly mapToRegistry registry https://registry.npmjs.org/
56 silly mapToRegistry data Result {
56 silly mapToRegistry   raw: 'supervisor',
56 silly mapToRegistry   scope: null,
56 silly mapToRegistry   escapedName: 'supervisor',
56 silly mapToRegistry   name: 'supervisor',
56 silly mapToRegistry   rawSpec: '',
56 silly mapToRegistry   spec: 'latest',
56 silly mapToRegistry   type: 'tag' }
57 silly mapToRegistry uri https://registry.npmjs.org/supervisor
58 verbose addRemoteTarball https://registry.npmjs.org/supervisor/-/supervisor-0.11.0.tgz not in flight; adding
59 verbose addRemoteTarball [ 'https://registry.npmjs.org/supervisor/-/supervisor-0.11.0.tgz',
59 verbose addRemoteTarball   '3fa869e09c57855aff7128a996d414f4af867d8a' ]
60 info retry fetch attempt 1 at 14:14:16
61 info attempt registry request try #1 at 14:14:16
62 http fetch GET https://registry.npmjs.org/supervisor/-/supervisor-0.11.0.tgz
63 http fetch 200 https://registry.npmjs.org/supervisor/-/supervisor-0.11.0.tgz
64 silly fetchAndShaCheck shasum 3fa869e09c57855aff7128a996d414f4af867d8a
65 verbose addTmpTarball /tmp/npm-30000-e32e65f1/registry.npmjs.org/supervisor/-/supervisor-0.11.0.tgz not in flight; adding
66 verbose addTmpTarball already have metadata; skipping unpack for supervisor@0.11.0
67 verbose correctMkdir /home/elvis/.npm correctMkdir not in flight; initializing
68 silly cache afterAdd supervisor@0.11.0
69 verbose afterAdd /home/elvis/.npm/supervisor/0.11.0/package/package.json not in flight; writing
70 verbose correctMkdir /home/elvis/.npm correctMkdir not in flight; initializing
71 verbose afterAdd /home/elvis/.npm/supervisor/0.11.0/package/package.json written
72 silly loadAllDepsIntoIdealTree Finishing
73 silly loadIdealTree Finishing
74 silly currentTree lib
75 silly idealTree lib
75 silly idealTree └── supervisor@0.11.0
76 silly generateActionsToTake Starting
77 silly install generateActionsToTake
78 warn checkPermissions Missing write access to /usr/lib/node_modules
79 silly rollbackFailedOptional Starting
80 silly rollbackFailedOptional Finishing
81 silly runTopLevelLifecycles Starting
82 silly runTopLevelLifecycles Finishing
83 silly install printInstalled
84 verbose stack Error: EACCES: permission denied, access '/usr/lib/node_modules'
84 verbose stack     at Error (native)
85 verbose cwd /home/elvis/work/js
86 error Linux 4.6.2-gentoo-REVOLUTION
87 error argv "/usr/bin/node" "/usr/bin/npm" "install" "-g" "supervisor"
88 error node v4.4.1
89 error npm  v3.10.3
90 error path /usr/lib/node_modules
91 error code EACCES
92 error errno -13
93 error syscall access
94 error Error: EACCES: permission denied, access '/usr/lib/node_modules'
94 error     at Error (native)
94 error  { [Error: EACCES: permission denied, access '/usr/lib/node_modules']
94 error   errno: -13,
94 error   code: 'EACCES',
94 error   syscall: 'access',
94 error   path: '/usr/lib/node_modules' }
95 error Please try running this command again as root/Administrator.
96 verbose exit [ -13, true ]
